빌드 시작: 2014-10-14 오전 9:28:45
     1>2 노드의 "C:\Users\Administrator\Desktop\겜프1014\Kinect_Character_-_Complete_\SkeletalViewer.vcxproj" 프로젝트(Build 대상)입니다.
     1>ClCompile:
         C:\Program Files (x86)\Microsoft Visual Studio 12.0\VC\bin\CL.exe /c /ZI /nologo /W3 /WX- /Od /Oy- /D WIN32 /D _DEBUG /D _WINDOWS /D _MBCS /Gm /EHsc /RTC1 /MTd /GS /fp:precise /Zc:wchar_t /Zc:forScope /Yc"stdafx.h" /Fp"Debug\SkeletalViewer.pch" /Fo"Debug\\" /Fd"Debug\vc120.pdb" /Gd /TP /analyze- /errorReport:prompt stdafx.cpp
         stdafx.cpp
     1>c:\program files (x86)\microsoft directx sdk (june 2010)\include\d2derr.h(59): warning C4005: 'D2DERR_WRONG_STATE' : 매크로 재정의
                 c:\program files (x86)\windows kits\8.1\include\shared\winerror.h(50421) : 'D2DERR_WRONG_STATE'의 이전 정의를 참조하십시오.
     1>c:\program files (x86)\microsoft directx sdk (june 2010)\include\d2derr.h(64): warning C4005: 'D2DERR_NOT_INITIALIZED' : 매크로 재정의
                 c:\program files (x86)\windows kits\8.1\include\shared\winerror.h(50430) : 'D2DERR_NOT_INITIALIZED'의 이전 정의를 참조하십시오.
     1>c:\program files (x86)\microsoft directx sdk (june 2010)\include\d2derr.h(69): warning C4005: 'D2DERR_UNSUPPORTED_OPERATION' : 매크로 재정의
                 c:\program files (x86)\windows kits\8.1\include\shared\winerror.h(50439) : 'D2DERR_UNSUPPORTED_OPERATION'의 이전 정의를 참조하십시오.
     1>c:\program files (x86)\microsoft directx sdk (june 2010)\include\d2derr.h(74): warning C4005: 'D2DERR_SCANNER_FAILED' : 매크로 재정의
                 c:\program files (x86)\windows kits\8.1\include\shared\winerror.h(50448) : 'D2DERR_SCANNER_FAILED'의 이전 정의를 참조하십시오.
     1>c:\program files (x86)\microsoft directx sdk (june 2010)\include\d2derr.h(79): warning C4005: 'D2DERR_SCREEN_ACCESS_DENIED' : 매크로 재정의
                 c:\program files (x86)\windows kits\8.1\include\shared\winerror.h(50457) : 'D2DERR_SCREEN_ACCESS_DENIED'의 이전 정의를 참조하십시오.
     1>c:\program files (x86)\microsoft directx sdk (june 2010)\include\d2derr.h(84): warning C4005: 'D2DERR_DISPLAY_STATE_INVALID' : 매크로 재정의
                 c:\program files (x86)\windows kits\8.1\include\shared\winerror.h(50466) : 'D2DERR_DISPLAY_STATE_INVALID'의 이전 정의를 참조하십시오.
     1>c:\program files (x86)\microsoft directx sdk (june 2010)\include\d2derr.h(89): warning C4005: 'D2DERR_ZERO_VECTOR' : 매크로 재정의
                 c:\program files (x86)\windows kits\8.1\include\shared\winerror.h(50475) : 'D2DERR_ZERO_VECTOR'의 이전 정의를 참조하십시오.
     1>c:\program files (x86)\microsoft directx sdk (june 2010)\include\d2derr.h(97): warning C4005: 'D2DERR_INTERNAL_ERROR' : 매크로 재정의
                 c:\program files (x86)\windows kits\8.1\include\shared\winerror.h(50484) : 'D2DERR_INTERNAL_ERROR'의 이전 정의를 참조하십시오.
     1>c:\program files (x86)\microsoft directx sdk (june 2010)\include\d2derr.h(103): warning C4005: 'D2DERR_DISPLAY_FORMAT_NOT_SUPPORTED' : 매크로 재정의
                 c:\program files (x86)\windows kits\8.1\include\shared\winerror.h(50493) : 'D2DERR_DISPLAY_FORMAT_NOT_SUPPORTED'의 이전 정의를 참조하십시오.
     1>c:\program files (x86)\microsoft directx sdk (june 2010)\include\d2derr.h(108): warning C4005: 'D2DERR_INVALID_CALL' : 매크로 재정의
                 c:\program files (x86)\windows kits\8.1\include\shared\winerror.h(50502) : 'D2DERR_INVALID_CALL'의 이전 정의를 참조하십시오.
     1>c:\program files (x86)\microsoft directx sdk (june 2010)\include\d2derr.h(113): warning C4005: 'D2DERR_NO_HARDWARE_DEVICE' : 매크로 재정의
                 c:\program files (x86)\windows kits\8.1\include\shared\winerror.h(50511) : 'D2DERR_NO_HARDWARE_DEVICE'의 이전 정의를 참조하십시오.
     1>c:\program files (x86)\microsoft directx sdk (june 2010)\include\d2derr.h(119): warning C4005: 'D2DERR_RECREATE_TARGET' : 매크로 재정의
                 c:\program files (x86)\windows kits\8.1\include\shared\winerror.h(50520) : 'D2DERR_RECREATE_TARGET'의 이전 정의를 참조하십시오.
     1>c:\program files (x86)\microsoft directx sdk (june 2010)\include\d2derr.h(124): warning C4005: 'D2DERR_TOO_MANY_SHADER_ELEMENTS' : 매크로 재정의
                 c:\program files (x86)\windows kits\8.1\include\shared\winerror.h(50529) : 'D2DERR_TOO_MANY_SHADER_ELEMENTS'의 이전 정의를 참조하십시오.
     1>c:\program files (x86)\microsoft directx sdk (june 2010)\include\d2derr.h(129): warning C4005: 'D2DERR_SHADER_COMPILE_FAILED' : 매크로 재정의
                 c:\program files (x86)\windows kits\8.1\include\shared\winerror.h(50538) : 'D2DERR_SHADER_COMPILE_FAILED'의 이전 정의를 참조하십시오.
     1>c:\program files (x86)\microsoft directx sdk (june 2010)\include\d2derr.h(134): warning C4005: 'D2DERR_MAX_TEXTURE_SIZE_EXCEEDED' : 매크로 재정의
                 c:\program files (x86)\windows kits\8.1\include\shared\winerror.h(50547) : 'D2DERR_MAX_TEXTURE_SIZE_EXCEEDED'의 이전 정의를 참조하십시오.
     1>c:\program files (x86)\microsoft directx sdk (june 2010)\include\d2derr.h(139): warning C4005: 'D2DERR_UNSUPPORTED_VERSION' : 매크로 재정의
                 c:\program files (x86)\windows kits\8.1\include\shared\winerror.h(50556) : 'D2DERR_UNSUPPORTED_VERSION'의 이전 정의를 참조하십시오.
     1>c:\program files (x86)\microsoft directx sdk (june 2010)\include\d2derr.h(144): warning C4005: 'D2DERR_BAD_NUMBER' : 매크로 재정의
                 c:\program files (x86)\windows kits\8.1\include\shared\winerror.h(50565) : 'D2DERR_BAD_NUMBER'의 이전 정의를 참조하십시오.
     1>c:\program files (x86)\microsoft directx sdk (june 2010)\include\d2derr.h(149): warning C4005: 'D2DERR_WRONG_FACTORY' : 매크로 재정의
                 c:\program files (x86)\windows kits\8.1\include\shared\winerror.h(50574) : 'D2DERR_WRONG_FACTORY'의 이전 정의를 참조하십시오.
     1>c:\program files (x86)\microsoft directx sdk (june 2010)\include\d2derr.h(154): warning C4005: 'D2DERR_LAYER_ALREADY_IN_USE' : 매크로 재정의
                 c:\program files (x86)\windows kits\8.1\include\shared\winerror.h(50583) : 'D2DERR_LAYER_ALREADY_IN_USE'의 이전 정의를 참조하십시오.
     1>c:\program files (x86)\microsoft directx sdk (june 2010)\include\d2derr.h(159): warning C4005: 'D2DERR_POP_CALL_DID_NOT_MATCH_PUSH' : 매크로 재정의
                 c:\program files (x86)\windows kits\8.1\include\shared\winerror.h(50592) : 'D2DERR_POP_CALL_DID_NOT_MATCH_PUSH'의 이전 정의를 참조하십시오.
     1>c:\program files (x86)\microsoft directx sdk (june 2010)\include\d2derr.h(164): warning C4005: 'D2DERR_WRONG_RESOURCE_DOMAIN' : 매크로 재정의
                 c:\program files (x86)\windows kits\8.1\include\shared\winerror.h(50601) : 'D2DERR_WRONG_RESOURCE_DOMAIN'의 이전 정의를 참조하십시오.
     1>c:\program files (x86)\microsoft directx sdk (june 2010)\include\d2derr.h(169): warning C4005: 'D2DERR_PUSH_POP_UNBALANCED' : 매크로 재정의
                 c:\program files (x86)\windows kits\8.1\include\shared\winerror.h(50610) : 'D2DERR_PUSH_POP_UNBALANCED'의 이전 정의를 참조하십시오.
     1>c:\program files (x86)\microsoft directx sdk (june 2010)\include\d2derr.h(174): warning C4005: 'D2DERR_RENDER_TARGET_HAS_LAYER_OR_CLIPRECT' : 매크로 재정의
                 c:\program files (x86)\windows kits\8.1\include\shared\winerror.h(50619) : 'D2DERR_RENDER_TARGET_HAS_LAYER_OR_CLIPRECT'의 이전 정의를 참조하십시오.
     1>c:\program files (x86)\microsoft directx sdk (june 2010)\include\d2derr.h(179): warning C4005: 'D2DERR_INCOMPATIBLE_BRUSH_TYPES' : 매크로 재정의
                 c:\program files (x86)\windows kits\8.1\include\shared\winerror.h(50628) : 'D2DERR_INCOMPATIBLE_BRUSH_TYPES'의 이전 정의를 참조하십시오.
     1>c:\program files (x86)\microsoft directx sdk (june 2010)\include\d2derr.h(184): warning C4005: 'D2DERR_WIN32_ERROR' : 매크로 재정의
                 c:\program files (x86)\windows kits\8.1\include\shared\winerror.h(50637) : 'D2DERR_WIN32_ERROR'의 이전 정의를 참조하십시오.
     1>c:\program files (x86)\microsoft directx sdk (june 2010)\include\d2derr.h(189): warning C4005: 'D2DERR_TARGET_NOT_GDI_COMPATIBLE' : 매크로 재정의
                 c:\program files (x86)\windows kits\8.1\include\shared\winerror.h(50646) : 'D2DERR_TARGET_NOT_GDI_COMPATIBLE'의 이전 정의를 참조하십시오.
     1>c:\program files (x86)\microsoft directx sdk (june 2010)\include\d2derr.h(194): warning C4005: 'D2DERR_TEXT_EFFECT_IS_WRONG_TYPE' : 매크로 재정의
                 c:\program files (x86)\windows kits\8.1\include\shared\winerror.h(50655) : 'D2DERR_TEXT_EFFECT_IS_WRONG_TYPE'의 이전 정의를 참조하십시오.
     1>c:\program files (x86)\microsoft directx sdk (june 2010)\include\d2derr.h(201): warning C4005: 'D2DERR_TEXT_RENDERER_NOT_RELEASED' : 매크로 재정의
                 c:\program files (x86)\windows kits\8.1\include\shared\winerror.h(50664) : 'D2DERR_TEXT_RENDERER_NOT_RELEASED'의 이전 정의를 참조하십시오.
     1>c:\program files (x86)\microsoft directx sdk (june 2010)\include\d2derr.h(206): warning C4005: 'D2DERR_EXCEEDS_MAX_BITMAP_SIZE' : 매크로 재정의
                 c:\program files (x86)\windows kits\8.1\include\shared\winerror.h(50673) : 'D2DERR_EXCEEDS_MAX_BITMAP_SIZE'의 이전 정의를 참조하십시오.
     1>c:\program files (x86)\microsoft directx sdk (june 2010)\include\dxgitype.h(12): warning C4005: 'DXGI_STATUS_OCCLUDED' : 매크로 재정의
                 c:\program files (x86)\windows kits\8.1\include\shared\winerror.h(50002) : 'DXGI_STATUS_OCCLUDED'의 이전 정의를 참조하십시오.
     1>c:\program files (x86)\microsoft directx sdk (june 2010)\include\dxgitype.h(13): warning C4005: 'DXGI_STATUS_CLIPPED' : 매크로 재정의
                 c:\program files (x86)\windows kits\8.1\include\shared\winerror.h(50011) : 'DXGI_STATUS_CLIPPED'의 이전 정의를 참조하십시오.
     1>c:\program files (x86)\microsoft directx sdk (june 2010)\include\dxgitype.h(14): warning C4005: 'DXGI_STATUS_NO_REDIRECTION' : 매크로 재정의
                 c:\program files (x86)\windows kits\8.1\include\shared\winerror.h(50020) : 'DXGI_STATUS_NO_REDIRECTION'의 이전 정의를 참조하십시오.
     1>c:\program files (x86)\microsoft directx sdk (june 2010)\include\dxgitype.h(15): warning C4005: 'DXGI_STATUS_NO_DESKTOP_ACCESS' : 매크로 재정의
                 c:\program files (x86)\windows kits\8.1\include\shared\winerror.h(50029) : 'DXGI_STATUS_NO_DESKTOP_ACCESS'의 이전 정의를 참조하십시오.
     1>c:\program files (x86)\microsoft directx sdk (june 2010)\include\dxgitype.h(16): warning C4005: 'DXGI_STATUS_GRAPHICS_VIDPN_SOURCE_IN_USE' : 매크로 재정의
                 c:\program files (x86)\windows kits\8.1\include\shared\winerror.h(50038) : 'DXGI_STATUS_GRAPHICS_VIDPN_SOURCE_IN_USE'의 이전 정의를 참조하십시오.
     1>c:\program files (x86)\microsoft directx sdk (june 2010)\include\dxgitype.h(17): warning C4005: 'DXGI_STATUS_MODE_CHANGED' : 매크로 재정의
                 c:\program files (x86)\windows kits\8.1\include\shared\winerror.h(50047) : 'DXGI_STATUS_MODE_CHANGED'의 이전 정의를 참조하십시오.
     1>c:\program files (x86)\microsoft directx sdk (june 2010)\include\dxgitype.h(18): warning C4005: 'DXGI_STATUS_MODE_CHANGE_IN_PROGRESS' : 매크로 재정의
                 c:\program files (x86)\windows kits\8.1\include\shared\winerror.h(50056) : 'DXGI_STATUS_MODE_CHANGE_IN_PROGRESS'의 이전 정의를 참조하십시오.
     1>c:\program files (x86)\microsoft directx sdk (june 2010)\include\dxgitype.h(21): warning C4005: 'DXGI_ERROR_INVALID_CALL' : 매크로 재정의
                 c:\program files (x86)\windows kits\8.1\include\shared\winerror.h(50071) : 'DXGI_ERROR_INVALID_CALL'의 이전 정의를 참조하십시오.
     1>c:\program files (x86)\microsoft directx sdk (june 2010)\include\dxgitype.h(22): warning C4005: 'DXGI_ERROR_NOT_FOUND' : 매크로 재정의
                 c:\program files (x86)\windows kits\8.1\include\shared\winerror.h(50080) : 'DXGI_ERROR_NOT_FOUND'의 이전 정의를 참조하십시오.
     1>c:\program files (x86)\microsoft directx sdk (june 2010)\include\dxgitype.h(23): warning C4005: 'DXGI_ERROR_MORE_DATA' : 매크로 재정의
                 c:\program files (x86)\windows kits\8.1\include\shared\winerror.h(50089) : 'DXGI_ERROR_MORE_DATA'의 이전 정의를 참조하십시오.
     1>c:\program files (x86)\microsoft directx sdk (june 2010)\include\dxgitype.h(24): warning C4005: 'DXGI_ERROR_UNSUPPORTED' : 매크로 재정의
                 c:\program files (x86)\windows kits\8.1\include\shared\winerror.h(50098) : 'DXGI_ERROR_UNSUPPORTED'의 이전 정의를 참조하십시오.
     1>c:\program files (x86)\microsoft directx sdk (june 2010)\include\dxgitype.h(25): warning C4005: 'DXGI_ERROR_DEVICE_REMOVED' : 매크로 재정의
                 c:\program files (x86)\windows kits\8.1\include\shared\winerror.h(50107) : 'DXGI_ERROR_DEVICE_REMOVED'의 이전 정의를 참조하십시오.
     1>c:\program files (x86)\microsoft directx sdk (june 2010)\include\dxgitype.h(26): warning C4005: 'DXGI_ERROR_DEVICE_HUNG' : 매크로 재정의
                 c:\program files (x86)\windows kits\8.1\include\shared\winerror.h(50116) : 'DXGI_ERROR_DEVICE_HUNG'의 이전 정의를 참조하십시오.
     1>c:\program files (x86)\microsoft directx sdk (june 2010)\include\dxgitype.h(27): warning C4005: 'DXGI_ERROR_DEVICE_RESET' : 매크로 재정의
                 c:\program files (x86)\windows kits\8.1\include\shared\winerror.h(50126) : 'DXGI_ERROR_DEVICE_RESET'의 이전 정의를 참조하십시오.
     1>c:\program files (x86)\microsoft directx sdk (june 2010)\include\dxgitype.h(28): warning C4005: 'DXGI_ERROR_WAS_STILL_DRAWING' : 매크로 재정의
                 c:\program files (x86)\windows kits\8.1\include\shared\winerror.h(50135) : 'DXGI_ERROR_WAS_STILL_DRAWING'의 이전 정의를 참조하십시오.
     1>c:\program files (x86)\microsoft directx sdk (june 2010)\include\dxgitype.h(29): warning C4005: 'DXGI_ERROR_FRAME_STATISTICS_DISJOINT' : 매크로 재정의
                 c:\program files (x86)\windows kits\8.1\include\shared\winerror.h(50145) : 'DXGI_ERROR_FRAME_STATISTICS_DISJOINT'의 이전 정의를 참조하십시오.
     1>c:\program files (x86)\microsoft directx sdk (june 2010)\include\dxgitype.h(30): warning C4005: 'DXGI_ERROR_GRAPHICS_VIDPN_SOURCE_IN_USE' : 매크로 재정의
                 c:\program files (x86)\windows kits\8.1\include\shared\winerror.h(50154) : 'DXGI_ERROR_GRAPHICS_VIDPN_SOURCE_IN_USE'의 이전 정의를 참조하십시오.
     1>c:\program files (x86)\microsoft directx sdk (june 2010)\include\dxgitype.h(31): warning C4005: 'DXGI_ERROR_DRIVER_INTERNAL_ERROR' : 매크로 재정의
                 c:\program files (x86)\windows kits\8.1\include\shared\winerror.h(50164) : 'DXGI_ERROR_DRIVER_INTERNAL_ERROR'의 이전 정의를 참조하십시오.
     1>c:\program files (x86)\microsoft directx sdk (june 2010)\include\dxgitype.h(32): warning C4005: 'DXGI_ERROR_NONEXCLUSIVE' : 매크로 재정의
                 c:\program files (x86)\windows kits\8.1\include\shared\winerror.h(50173) : 'DXGI_ERROR_NONEXCLUSIVE'의 이전 정의를 참조하십시오.
     1>c:\program files (x86)\microsoft directx sdk (june 2010)\include\dxgitype.h(33): warning C4005: 'DXGI_ERROR_NOT_CURRENTLY_AVAILABLE' : 매크로 재정의
                 c:\program files (x86)\windows kits\8.1\include\shared\winerror.h(50182) : 'DXGI_ERROR_NOT_CURRENTLY_AVAILABLE'의 이전 정의를 참조하십시오.
     1>c:\program files (x86)\microsoft directx sdk (june 2010)\include\dxgitype.h(34): warning C4005: 'DXGI_ERROR_REMOTE_CLIENT_DISCONNECTED' : 매크로 재정의
                 c:\program files (x86)\windows kits\8.1\include\shared\winerror.h(50192) : 'DXGI_ERROR_REMOTE_CLIENT_DISCONNECTED'의 이전 정의를 참조하십시오.
     1>c:\program files (x86)\microsoft directx sdk (june 2010)\include\dxgitype.h(35): warning C4005: 'DXGI_ERROR_REMOTE_OUTOFMEMORY' : 매크로 재정의
                 c:\program files (x86)\windows kits\8.1\include\shared\winerror.h(50201) : 'DXGI_ERROR_REMOTE_OUTOFMEMORY'의 이전 정의를 참조하십시오.
     1>c:\program files (x86)\microsoft directx sdk (june 2010)\include\d3d10.h(608): warning C4005: 'D3D10_ERROR_TOO_MANY_UNIQUE_STATE_OBJECTS' : 매크로 재정의
                 c:\program files (x86)\windows kits\8.1\include\shared\winerror.h(50355) : 'D3D10_ERROR_TOO_MANY_UNIQUE_STATE_OBJECTS'의 이전 정의를 참조하십시오.
     1>c:\program files (x86)\microsoft directx sdk (june 2010)\include\d3d10.h(609): warning C4005: 'D3D10_ERROR_FILE_NOT_FOUND' : 매크로 재정의
                 c:\program files (x86)\windows kits\8.1\include\shared\winerror.h(50364) : 'D3D10_ERROR_FILE_NOT_FOUND'의 이전 정의를 참조하십시오.
     1>c:\program files (x86)\microsoft directx sdk (june 2010)\include\dwrite.h(4962): warning C4005: 'DWRITE_E_FILEFORMAT' : 매크로 재정의
                 c:\program files (x86)\windows kits\8.1\include\shared\winerror.h(50831) : 'DWRITE_E_FILEFORMAT'의 이전 정의를 참조하십시오.
     1>c:\program files (x86)\microsoft directx sdk (june 2010)\include\dwrite.h(4967): warning C4005: 'DWRITE_E_UNEXPECTED' : 매크로 재정의
                 c:\program files (x86)\windows kits\8.1\include\shared\winerror.h(50840) : 'DWRITE_E_UNEXPECTED'의 이전 정의를 참조하십시오.
     1>c:\program files (x86)\microsoft directx sdk (june 2010)\include\dwrite.h(4972): warning C4005: 'DWRITE_E_NOFONT' : 매크로 재정의
                 c:\program files (x86)\windows kits\8.1\include\shared\winerror.h(50849) : 'DWRITE_E_NOFONT'의 이전 정의를 참조하십시오.
     1>c:\program files (x86)\microsoft directx sdk (june 2010)\include\dwrite.h(4978): warning C4005: 'DWRITE_E_FILENOTFOUND' : 매크로 재정의
                 c:\program files (x86)\windows kits\8.1\include\shared\winerror.h(50858) : 'DWRITE_E_FILENOTFOUND'의 이전 정의를 참조하십시오.
     1>c:\program files (x86)\microsoft directx sdk (june 2010)\include\dwrite.h(4983): warning C4005: 'DWRITE_E_FILEACCESS' : 매크로 재정의
                 c:\program files (x86)\windows kits\8.1\include\shared\winerror.h(50867) : 'DWRITE_E_FILEACCESS'의 이전 정의를 참조하십시오.
     1>c:\program files (x86)\microsoft directx sdk (june 2010)\include\dwrite.h(4988): warning C4005: 'DWRITE_E_FONTCOLLECTIONOBSOLETE' : 매크로 재정의
                 c:\program files (x86)\windows kits\8.1\include\shared\winerror.h(50876) : 'DWRITE_E_FONTCOLLECTIONOBSOLETE'의 이전 정의를 참조하십시오.
     1>c:\program files (x86)\microsoft directx sdk (june 2010)\include\dwrite.h(4993): warning C4005: 'DWRITE_E_ALREADYREGISTERED' : 매크로 재정의
                 c:\program files (x86)\windows kits\8.1\include\shared\winerror.h(50885) : 'DWRITE_E_ALREADYREGISTERED'의 이전 정의를 참조하십시오.
         C:\Program Files (x86)\Microsoft Visual Studio 12.0\VC\bin\CL.exe /c /ZI /nologo /W3 /WX- /Od /Oy- /D WIN32 /D _DEBUG /D _WINDOWS /D _MBCS /Gm /EHsc /RTC1 /MTd /GS /fp:precise /Zc:wchar_t /Zc:forScope /Fo"Debug\\" /Fd"Debug\vc120.pdb" /Gd /TP /analyze- /errorReport:prompt AllocMeshHierarchy.cpp ex3_Skeleton.cpp Graphics.cpp ImageRenderer.cpp SkinnedMesh.cpp Utility.cpp
         Utility.cpp
         SkinnedMesh.cpp
     1>c:\program files (x86)\microsoft directx sdk (june 2010)\include\d2derr.h(59): warning C4005: 'D2DERR_WRONG_STATE' : 매크로 재정의
                 c:\program files (x86)\windows kits\8.1\include\shared\winerror.h(50421) : 'D2DERR_WRONG_STATE'의 이전 정의를 참조하십시오.
     1>c:\program files (x86)\microsoft directx sdk (june 2010)\include\d2derr.h(64): warning C4005: 'D2DERR_NOT_INITIALIZED' : 매크로 재정의
                 c:\program files (x86)\windows kits\8.1\include\shared\winerror.h(50430) : 'D2DERR_NOT_INITIALIZED'의 이전 정의를 참조하십시오.
     1>c:\program files (x86)\microsoft directx sdk (june 2010)\include\d2derr.h(69): warning C4005: 'D2DERR_UNSUPPORTED_OPERATION' : 매크로 재정의
                 c:\program files (x86)\windows kits\8.1\include\shared\winerror.h(50439) : 'D2DERR_UNSUPPORTED_OPERATION'의 이전 정의를 참조하십시오.
     1>c:\program files (x86)\microsoft directx sdk (june 2010)\include\d2derr.h(74): warning C4005: 'D2DERR_SCANNER_FAILED' : 매크로 재정의
                 c:\program files (x86)\windows kits\8.1\include\shared\winerror.h(50448) : 'D2DERR_SCANNER_FAILED'의 이전 정의를 참조하십시오.
     1>c:\program files (x86)\microsoft directx sdk (june 2010)\include\d2derr.h(79): warning C4005: 'D2DERR_SCREEN_ACCESS_DENIED' : 매크로 재정의
                 c:\program files (x86)\windows kits\8.1\include\shared\winerror.h(50457) : 'D2DERR_SCREEN_ACCESS_DENIED'의 이전 정의를 참조하십시오.
     1>c:\program files (x86)\microsoft directx sdk (june 2010)\include\d2derr.h(84): warning C4005: 'D2DERR_DISPLAY_STATE_INVALID' : 매크로 재정의
                 c:\program files (x86)\windows kits\8.1\include\shared\winerror.h(50466) : 'D2DERR_DISPLAY_STATE_INVALID'의 이전 정의를 참조하십시오.
     1>c:\program files (x86)\microsoft directx sdk (june 2010)\include\d2derr.h(89): warning C4005: 'D2DERR_ZERO_VECTOR' : 매크로 재정의
                 c:\program files (x86)\windows kits\8.1\include\shared\winerror.h(50475) : 'D2DERR_ZERO_VECTOR'의 이전 정의를 참조하십시오.
     1>c:\program files (x86)\microsoft directx sdk (june 2010)\include\d2derr.h(97): warning C4005: 'D2DERR_INTERNAL_ERROR' : 매크로 재정의
                 c:\program files (x86)\windows kits\8.1\include\shared\winerror.h(50484) : 'D2DERR_INTERNAL_ERROR'의 이전 정의를 참조하십시오.
     1>c:\program files (x86)\microsoft directx sdk (june 2010)\include\d2derr.h(103): warning C4005: 'D2DERR_DISPLAY_FORMAT_NOT_SUPPORTED' : 매크로 재정의
                 c:\program files (x86)\windows kits\8.1\include\shared\winerror.h(50493) : 'D2DERR_DISPLAY_FORMAT_NOT_SUPPORTED'의 이전 정의를 참조하십시오.
     1>c:\program files (x86)\microsoft directx sdk (june 2010)\include\d2derr.h(108): warning C4005: 'D2DERR_INVALID_CALL' : 매크로 재정의
                 c:\program files (x86)\windows kits\8.1\include\shared\winerror.h(50502) : 'D2DERR_INVALID_CALL'의 이전 정의를 참조하십시오.
     1>c:\program files (x86)\microsoft directx sdk (june 2010)\include\d2derr.h(113): warning C4005: 'D2DERR_NO_HARDWARE_DEVICE' : 매크로 재정의
                 c:\program files (x86)\windows kits\8.1\include\shared\winerror.h(50511) : 'D2DERR_NO_HARDWARE_DEVICE'의 이전 정의를 참조하십시오.
     1>c:\program files (x86)\microsoft directx sdk (june 2010)\include\d2derr.h(119): warning C4005: 'D2DERR_RECREATE_TARGET' : 매크로 재정의
                 c:\program files (x86)\windows kits\8.1\include\shared\winerror.h(50520) : 'D2DERR_RECREATE_TARGET'의 이전 정의를 참조하십시오.
     1>c:\program files (x86)\microsoft directx sdk (june 2010)\include\d2derr.h(124): warning C4005: 'D2DERR_TOO_MANY_SHADER_ELEMENTS' : 매크로 재정의
                 c:\program files (x86)\windows kits\8.1\include\shared\winerror.h(50529) : 'D2DERR_TOO_MANY_SHADER_ELEMENTS'의 이전 정의를 참조하십시오.
     1>c:\program files (x86)\microsoft directx sdk (june 2010)\include\d2derr.h(129): warning C4005: 'D2DERR_SHADER_COMPILE_FAILED' : 매크로 재정의
                 c:\program files (x86)\windows kits\8.1\include\shared\winerror.h(50538) : 'D2DERR_SHADER_COMPILE_FAILED'의 이전 정의를 참조하십시오.
     1>c:\program files (x86)\microsoft directx sdk (june 2010)\include\d2derr.h(134): warning C4005: 'D2DERR_MAX_TEXTURE_SIZE_EXCEEDED' : 매크로 재정의
                 c:\program files (x86)\windows kits\8.1\include\shared\winerror.h(50547) : 'D2DERR_MAX_TEXTURE_SIZE_EXCEEDED'의 이전 정의를 참조하십시오.
     1>c:\program files (x86)\microsoft directx sdk (june 2010)\include\d2derr.h(139): warning C4005: 'D2DERR_UNSUPPORTED_VERSION' : 매크로 재정의
                 c:\program files (x86)\windows kits\8.1\include\shared\winerror.h(50556) : 'D2DERR_UNSUPPORTED_VERSION'의 이전 정의를 참조하십시오.
     1>c:\program files (x86)\microsoft directx sdk (june 2010)\include\d2derr.h(144): warning C4005: 'D2DERR_BAD_NUMBER' : 매크로 재정의
                 c:\program files (x86)\windows kits\8.1\include\shared\winerror.h(50565) : 'D2DERR_BAD_NUMBER'의 이전 정의를 참조하십시오.
     1>c:\program files (x86)\microsoft directx sdk (june 2010)\include\d2derr.h(149): warning C4005: 'D2DERR_WRONG_FACTORY' : 매크로 재정의
                 c:\program files (x86)\windows kits\8.1\include\shared\winerror.h(50574) : 'D2DERR_WRONG_FACTORY'의 이전 정의를 참조하십시오.
     1>c:\program files (x86)\microsoft directx sdk (june 2010)\include\d2derr.h(154): warning C4005: 'D2DERR_LAYER_ALREADY_IN_USE' : 매크로 재정의
                 c:\program files (x86)\windows kits\8.1\include\shared\winerror.h(50583) : 'D2DERR_LAYER_ALREADY_IN_USE'의 이전 정의를 참조하십시오.
     1>c:\program files (x86)\microsoft directx sdk (june 2010)\include\d2derr.h(159): warning C4005: 'D2DERR_POP_CALL_DID_NOT_MATCH_PUSH' : 매크로 재정의
                 c:\program files (x86)\windows kits\8.1\include\shared\winerror.h(50592) : 'D2DERR_POP_CALL_DID_NOT_MATCH_PUSH'의 이전 정의를 참조하십시오.
     1>c:\program files (x86)\microsoft directx sdk (june 2010)\include\d2derr.h(164): warning C4005: 'D2DERR_WRONG_RESOURCE_DOMAIN' : 매크로 재정의
                 c:\program files (x86)\windows kits\8.1\include\shared\winerror.h(50601) : 'D2DERR_WRONG_RESOURCE_DOMAIN'의 이전 정의를 참조하십시오.
     1>c:\program files (x86)\microsoft directx sdk (june 2010)\include\d2derr.h(169): warning C4005: 'D2DERR_PUSH_POP_UNBALANCED' : 매크로 재정의
                 c:\program files (x86)\windows kits\8.1\include\shared\winerror.h(50610) : 'D2DERR_PUSH_POP_UNBALANCED'의 이전 정의를 참조하십시오.
     1>c:\program files (x86)\microsoft directx sdk (june 2010)\include\d2derr.h(174): warning C4005: 'D2DERR_RENDER_TARGET_HAS_LAYER_OR_CLIPRECT' : 매크로 재정의
                 c:\program files (x86)\windows kits\8.1\include\shared\winerror.h(50619) : 'D2DERR_RENDER_TARGET_HAS_LAYER_OR_CLIPRECT'의 이전 정의를 참조하십시오.
     1>c:\program files (x86)\microsoft directx sdk (june 2010)\include\d2derr.h(179): warning C4005: 'D2DERR_INCOMPATIBLE_BRUSH_TYPES' : 매크로 재정의
                 c:\program files (x86)\windows kits\8.1\include\shared\winerror.h(50628) : 'D2DERR_INCOMPATIBLE_BRUSH_TYPES'의 이전 정의를 참조하십시오.
     1>c:\program files (x86)\microsoft directx sdk (june 2010)\include\d2derr.h(184): warning C4005: 'D2DERR_WIN32_ERROR' : 매크로 재정의
                 c:\program files (x86)\windows kits\8.1\include\shared\winerror.h(50637) : 'D2DERR_WIN32_ERROR'의 이전 정의를 참조하십시오.
     1>c:\program files (x86)\microsoft directx sdk (june 2010)\include\d2derr.h(189): warning C4005: 'D2DERR_TARGET_NOT_GDI_COMPATIBLE' : 매크로 재정의
                 c:\program files (x86)\windows kits\8.1\include\shared\winerror.h(50646) : 'D2DERR_TARGET_NOT_GDI_COMPATIBLE'의 이전 정의를 참조하십시오.
     1>c:\program files (x86)\microsoft directx sdk (june 2010)\include\d2derr.h(194): warning C4005: 'D2DERR_TEXT_EFFECT_IS_WRONG_TYPE' : 매크로 재정의
                 c:\program files (x86)\windows kits\8.1\include\shared\winerror.h(50655) : 'D2DERR_TEXT_EFFECT_IS_WRONG_TYPE'의 이전 정의를 참조하십시오.
     1>c:\program files (x86)\microsoft directx sdk (june 2010)\include\d2derr.h(201): warning C4005: 'D2DERR_TEXT_RENDERER_NOT_RELEASED' : 매크로 재정의
                 c:\program files (x86)\windows kits\8.1\include\shared\winerror.h(50664) : 'D2DERR_TEXT_RENDERER_NOT_RELEASED'의 이전 정의를 참조하십시오.
     1>c:\program files (x86)\microsoft directx sdk (june 2010)\include\d2derr.h(206): warning C4005: 'D2DERR_EXCEEDS_MAX_BITMAP_SIZE' : 매크로 재정의
                 c:\program files (x86)\windows kits\8.1\include\shared\winerror.h(50673) : 'D2DERR_EXCEEDS_MAX_BITMAP_SIZE'의 이전 정의를 참조하십시오.
     1>c:\program files (x86)\microsoft directx sdk (june 2010)\include\dxgitype.h(12): warning C4005: 'DXGI_STATUS_OCCLUDED' : 매크로 재정의
                 c:\program files (x86)\windows kits\8.1\include\shared\winerror.h(50002) : 'DXGI_STATUS_OCCLUDED'의 이전 정의를 참조하십시오.
     1>c:\program files (x86)\microsoft directx sdk (june 2010)\include\dxgitype.h(13): warning C4005: 'DXGI_STATUS_CLIPPED' : 매크로 재정의
                 c:\program files (x86)\windows kits\8.1\include\shared\winerror.h(50011) : 'DXGI_STATUS_CLIPPED'의 이전 정의를 참조하십시오.
     1>c:\program files (x86)\microsoft directx sdk (june 2010)\include\dxgitype.h(14): warning C4005: 'DXGI_STATUS_NO_REDIRECTION' : 매크로 재정의
                 c:\program files (x86)\windows kits\8.1\include\shared\winerror.h(50020) : 'DXGI_STATUS_NO_REDIRECTION'의 이전 정의를 참조하십시오.
     1>c:\program files (x86)\microsoft directx sdk (june 2010)\include\dxgitype.h(15): warning C4005: 'DXGI_STATUS_NO_DESKTOP_ACCESS' : 매크로 재정의
                 c:\program files (x86)\windows kits\8.1\include\shared\winerror.h(50029) : 'DXGI_STATUS_NO_DESKTOP_ACCESS'의 이전 정의를 참조하십시오.
     1>c:\program files (x86)\microsoft directx sdk (june 2010)\include\dxgitype.h(16): warning C4005: 'DXGI_STATUS_GRAPHICS_VIDPN_SOURCE_IN_USE' : 매크로 재정의
                 c:\program files (x86)\windows kits\8.1\include\shared\winerror.h(50038) : 'DXGI_STATUS_GRAPHICS_VIDPN_SOURCE_IN_USE'의 이전 정의를 참조하십시오.
     1>c:\program files (x86)\microsoft directx sdk (june 2010)\include\dxgitype.h(17): warning C4005: 'DXGI_STATUS_MODE_CHANGED' : 매크로 재정의
                 c:\program files (x86)\windows kits\8.1\include\shared\winerror.h(50047) : 'DXGI_STATUS_MODE_CHANGED'의 이전 정의를 참조하십시오.
     1>c:\program files (x86)\microsoft directx sdk (june 2010)\include\dxgitype.h(18): warning C4005: 'DXGI_STATUS_MODE_CHANGE_IN_PROGRESS' : 매크로 재정의
                 c:\program files (x86)\windows kits\8.1\include\shared\winerror.h(50056) : 'DXGI_STATUS_MODE_CHANGE_IN_PROGRESS'의 이전 정의를 참조하십시오.
     1>c:\program files (x86)\microsoft directx sdk (june 2010)\include\dxgitype.h(21): warning C4005: 'DXGI_ERROR_INVALID_CALL' : 매크로 재정의
                 c:\program files (x86)\windows kits\8.1\include\shared\winerror.h(50071) : 'DXGI_ERROR_INVALID_CALL'의 이전 정의를 참조하십시오.
     1>c:\program files (x86)\microsoft directx sdk (june 2010)\include\dxgitype.h(22): warning C4005: 'DXGI_ERROR_NOT_FOUND' : 매크로 재정의
                 c:\program files (x86)\windows kits\8.1\include\shared\winerror.h(50080) : 'DXGI_ERROR_NOT_FOUND'의 이전 정의를 참조하십시오.
     1>c:\program files (x86)\microsoft directx sdk (june 2010)\include\dxgitype.h(23): warning C4005: 'DXGI_ERROR_MORE_DATA' : 매크로 재정의
                 c:\program files (x86)\windows kits\8.1\include\shared\winerror.h(50089) : 'DXGI_ERROR_MORE_DATA'의 이전 정의를 참조하십시오.
     1>c:\program files (x86)\microsoft directx sdk (june 2010)\include\dxgitype.h(24): warning C4005: 'DXGI_ERROR_UNSUPPORTED' : 매크로 재정의
                 c:\program files (x86)\windows kits\8.1\include\shared\winerror.h(50098) : 'DXGI_ERROR_UNSUPPORTED'의 이전 정의를 참조하십시오.
     1>c:\program files (x86)\microsoft directx sdk (june 2010)\include\dxgitype.h(25): warning C4005: 'DXGI_ERROR_DEVICE_REMOVED' : 매크로 재정의
                 c:\program files (x86)\windows kits\8.1\include\shared\winerror.h(50107) : 'DXGI_ERROR_DEVICE_REMOVED'의 이전 정의를 참조하십시오.
     1>c:\program files (x86)\microsoft directx sdk (june 2010)\include\dxgitype.h(26): warning C4005: 'DXGI_ERROR_DEVICE_HUNG' : 매크로 재정의
                 c:\program files (x86)\windows kits\8.1\include\shared\winerror.h(50116) : 'DXGI_ERROR_DEVICE_HUNG'의 이전 정의를 참조하십시오.
     1>c:\program files (x86)\microsoft directx sdk (june 2010)\include\dxgitype.h(27): warning C4005: 'DXGI_ERROR_DEVICE_RESET' : 매크로 재정의
                 c:\program files (x86)\windows kits\8.1\include\shared\winerror.h(50126) : 'DXGI_ERROR_DEVICE_RESET'의 이전 정의를 참조하십시오.
     1>c:\program files (x86)\microsoft directx sdk (june 2010)\include\dxgitype.h(28): warning C4005: 'DXGI_ERROR_WAS_STILL_DRAWING' : 매크로 재정의
                 c:\program files (x86)\windows kits\8.1\include\shared\winerror.h(50135) : 'DXGI_ERROR_WAS_STILL_DRAWING'의 이전 정의를 참조하십시오.
     1>c:\program files (x86)\microsoft directx sdk (june 2010)\include\dxgitype.h(29): warning C4005: 'DXGI_ERROR_FRAME_STATISTICS_DISJOINT' : 매크로 재정의
                 c:\program files (x86)\windows kits\8.1\include\shared\winerror.h(50145) : 'DXGI_ERROR_FRAME_STATISTICS_DISJOINT'의 이전 정의를 참조하십시오.
     1>c:\program files (x86)\microsoft directx sdk (june 2010)\include\dxgitype.h(30): warning C4005: 'DXGI_ERROR_GRAPHICS_VIDPN_SOURCE_IN_USE' : 매크로 재정의
                 c:\program files (x86)\windows kits\8.1\include\shared\winerror.h(50154) : 'DXGI_ERROR_GRAPHICS_VIDPN_SOURCE_IN_USE'의 이전 정의를 참조하십시오.
     1>c:\program files (x86)\microsoft directx sdk (june 2010)\include\dxgitype.h(31): warning C4005: 'DXGI_ERROR_DRIVER_INTERNAL_ERROR' : 매크로 재정의
                 c:\program files (x86)\windows kits\8.1\include\shared\winerror.h(50164) : 'DXGI_ERROR_DRIVER_INTERNAL_ERROR'의 이전 정의를 참조하십시오.
     1>c:\program files (x86)\microsoft directx sdk (june 2010)\include\dxgitype.h(32): warning C4005: 'DXGI_ERROR_NONEXCLUSIVE' : 매크로 재정의
                 c:\program files (x86)\windows kits\8.1\include\shared\winerror.h(50173) : 'DXGI_ERROR_NONEXCLUSIVE'의 이전 정의를 참조하십시오.
     1>c:\program files (x86)\microsoft directx sdk (june 2010)\include\dxgitype.h(33): warning C4005: 'DXGI_ERROR_NOT_CURRENTLY_AVAILABLE' : 매크로 재정의
                 c:\program files (x86)\windows kits\8.1\include\shared\winerror.h(50182) : 'DXGI_ERROR_NOT_CURRENTLY_AVAILABLE'의 이전 정의를 참조하십시오.
     1>c:\program files (x86)\microsoft directx sdk (june 2010)\include\dxgitype.h(34): warning C4005: 'DXGI_ERROR_REMOTE_CLIENT_DISCONNECTED' : 매크로 재정의
                 c:\program files (x86)\windows kits\8.1\include\shared\winerror.h(50192) : 'DXGI_ERROR_REMOTE_CLIENT_DISCONNECTED'의 이전 정의를 참조하십시오.
     1>c:\program files (x86)\microsoft directx sdk (june 2010)\include\dxgitype.h(35): warning C4005: 'DXGI_ERROR_REMOTE_OUTOFMEMORY' : 매크로 재정의
                 c:\program files (x86)\windows kits\8.1\include\shared\winerror.h(50201) : 'DXGI_ERROR_REMOTE_OUTOFMEMORY'의 이전 정의를 참조하십시오.
     1>c:\program files (x86)\microsoft directx sdk (june 2010)\include\d3d10.h(608): warning C4005: 'D3D10_ERROR_TOO_MANY_UNIQUE_STATE_OBJECTS' : 매크로 재정의
                 c:\program files (x86)\windows kits\8.1\include\shared\winerror.h(50355) : 'D3D10_ERROR_TOO_MANY_UNIQUE_STATE_OBJECTS'의 이전 정의를 참조하십시오.
     1>c:\program files (x86)\microsoft directx sdk (june 2010)\include\d3d10.h(609): warning C4005: 'D3D10_ERROR_FILE_NOT_FOUND' : 매크로 재정의
                 c:\program files (x86)\windows kits\8.1\include\shared\winerror.h(50364) : 'D3D10_ERROR_FILE_NOT_FOUND'의 이전 정의를 참조하십시오.
     1>c:\program files (x86)\microsoft directx sdk (june 2010)\include\dwrite.h(4962): warning C4005: 'DWRITE_E_FILEFORMAT' : 매크로 재정의
                 c:\program files (x86)\windows kits\8.1\include\shared\winerror.h(50831) : 'DWRITE_E_FILEFORMAT'의 이전 정의를 참조하십시오.
     1>c:\program files (x86)\microsoft directx sdk (june 2010)\include\dwrite.h(4967): warning C4005: 'DWRITE_E_UNEXPECTED' : 매크로 재정의
                 c:\program files (x86)\windows kits\8.1\include\shared\winerror.h(50840) : 'DWRITE_E_UNEXPECTED'의 이전 정의를 참조하십시오.
     1>c:\program files (x86)\microsoft directx sdk (june 2010)\include\dwrite.h(4972): warning C4005: 'DWRITE_E_NOFONT' : 매크로 재정의
                 c:\program files (x86)\windows kits\8.1\include\shared\winerror.h(50849) : 'DWRITE_E_NOFONT'의 이전 정의를 참조하십시오.
     1>c:\program files (x86)\microsoft directx sdk (june 2010)\include\dwrite.h(4978): warning C4005: 'DWRITE_E_FILENOTFOUND' : 매크로 재정의
                 c:\program files (x86)\windows kits\8.1\include\shared\winerror.h(50858) : 'DWRITE_E_FILENOTFOUND'의 이전 정의를 참조하십시오.
     1>c:\program files (x86)\microsoft directx sdk (june 2010)\include\dwrite.h(4983): warning C4005: 'DWRITE_E_FILEACCESS' : 매크로 재정의
                 c:\program files (x86)\windows kits\8.1\include\shared\winerror.h(50867) : 'DWRITE_E_FILEACCESS'의 이전 정의를 참조하십시오.
     1>c:\program files (x86)\microsoft directx sdk (june 2010)\include\dwrite.h(4988): warning C4005: 'DWRITE_E_FONTCOLLECTIONOBSOLETE' : 매크로 재정의
                 c:\program files (x86)\windows kits\8.1\include\shared\winerror.h(50876) : 'DWRITE_E_FONTCOLLECTIONOBSOLETE'의 이전 정의를 참조하십시오.
     1>c:\program files (x86)\microsoft directx sdk (june 2010)\include\dwrite.h(4993): warning C4005: 'DWRITE_E_ALREADYREGISTERED' : 매크로 재정의
                 c:\program files (x86)\windows kits\8.1\include\shared\winerror.h(50885) : 'DWRITE_E_ALREADYREGISTERED'의 이전 정의를 참조하십시오.
     1>c:\users\administrator\desktop\겜프1014\kinect_character_-_complete_\skinnedmesh.cpp(1088): warning C4316: 'D3DXFRAME_DERIVED': 힙에 할당된 개체가 16에 맞추어져 있지 않을 수도 있습니다
         ImageRenderer.cpp
     1>c:\program files (x86)\microsoft directx sdk (june 2010)\include\d2derr.h(59): warning C4005: 'D2DERR_WRONG_STATE' : 매크로 재정의
                 c:\program files (x86)\windows kits\8.1\include\shared\winerror.h(50421) : 'D2DERR_WRONG_STATE'의 이전 정의를 참조하십시오.
     1>c:\program files (x86)\microsoft directx sdk (june 2010)\include\d2derr.h(64): warning C4005: 'D2DERR_NOT_INITIALIZED' : 매크로 재정의
                 c:\program files (x86)\windows kits\8.1\include\shared\winerror.h(50430) : 'D2DERR_NOT_INITIALIZED'의 이전 정의를 참조하십시오.
     1>c:\program files (x86)\microsoft directx sdk (june 2010)\include\d2derr.h(69): warning C4005: 'D2DERR_UNSUPPORTED_OPERATION' : 매크로 재정의
                 c:\program files (x86)\windows kits\8.1\include\shared\winerror.h(50439) : 'D2DERR_UNSUPPORTED_OPERATION'의 이전 정의를 참조하십시오.
     1>c:\program files (x86)\microsoft directx sdk (june 2010)\include\d2derr.h(74): warning C4005: 'D2DERR_SCANNER_FAILED' : 매크로 재정의
                 c:\program files (x86)\windows kits\8.1\include\shared\winerror.h(50448) : 'D2DERR_SCANNER_FAILED'의 이전 정의를 참조하십시오.
     1>c:\program files (x86)\microsoft directx sdk (june 2010)\include\d2derr.h(79): warning C4005: 'D2DERR_SCREEN_ACCESS_DENIED' : 매크로 재정의
                 c:\program files (x86)\windows kits\8.1\include\shared\winerror.h(50457) : 'D2DERR_SCREEN_ACCESS_DENIED'의 이전 정의를 참조하십시오.
     1>c:\program files (x86)\microsoft directx sdk (june 2010)\include\d2derr.h(84): warning C4005: 'D2DERR_DISPLAY_STATE_INVALID' : 매크로 재정의
                 c:\program files (x86)\windows kits\8.1\include\shared\winerror.h(50466) : 'D2DERR_DISPLAY_STATE_INVALID'의 이전 정의를 참조하십시오.
     1>c:\program files (x86)\microsoft directx sdk (june 2010)\include\d2derr.h(89): warning C4005: 'D2DERR_ZERO_VECTOR' : 매크로 재정의
                 c:\program files (x86)\windows kits\8.1\include\shared\winerror.h(50475) : 'D2DERR_ZERO_VECTOR'의 이전 정의를 참조하십시오.
     1>c:\program files (x86)\microsoft directx sdk (june 2010)\include\d2derr.h(97): warning C4005: 'D2DERR_INTERNAL_ERROR' : 매크로 재정의
                 c:\program files (x86)\windows kits\8.1\include\shared\winerror.h(50484) : 'D2DERR_INTERNAL_ERROR'의 이전 정의를 참조하십시오.
     1>c:\program files (x86)\microsoft directx sdk (june 2010)\include\d2derr.h(103): warning C4005: 'D2DERR_DISPLAY_FORMAT_NOT_SUPPORTED' : 매크로 재정의
                 c:\program files (x86)\windows kits\8.1\include\shared\winerror.h(50493) : 'D2DERR_DISPLAY_FORMAT_NOT_SUPPORTED'의 이전 정의를 참조하십시오.
     1>c:\program files (x86)\microsoft directx sdk (june 2010)\include\d2derr.h(108): warning C4005: 'D2DERR_INVALID_CALL' : 매크로 재정의
                 c:\program files (x86)\windows kits\8.1\include\shared\winerror.h(50502) : 'D2DERR_INVALID_CALL'의 이전 정의를 참조하십시오.
     1>c:\program files (x86)\microsoft directx sdk (june 2010)\include\d2derr.h(113): warning C4005: 'D2DERR_NO_HARDWARE_DEVICE' : 매크로 재정의
                 c:\program files (x86)\windows kits\8.1\include\shared\winerror.h(50511) : 'D2DERR_NO_HARDWARE_DEVICE'의 이전 정의를 참조하십시오.
     1>c:\program files (x86)\microsoft directx sdk (june 2010)\include\d2derr.h(119): warning C4005: 'D2DERR_RECREATE_TARGET' : 매크로 재정의
                 c:\program files (x86)\windows kits\8.1\include\shared\winerror.h(50520) : 'D2DERR_RECREATE_TARGET'의 이전 정의를 참조하십시오.
     1>c:\program files (x86)\microsoft directx sdk (june 2010)\include\d2derr.h(124): warning C4005: 'D2DERR_TOO_MANY_SHADER_ELEMENTS' : 매크로 재정의
                 c:\program files (x86)\windows kits\8.1\include\shared\winerror.h(50529) : 'D2DERR_TOO_MANY_SHADER_ELEMENTS'의 이전 정의를 참조하십시오.
     1>c:\program files (x86)\microsoft directx sdk (june 2010)\include\d2derr.h(129): warning C4005: 'D2DERR_SHADER_COMPILE_FAILED' : 매크로 재정의
                 c:\program files (x86)\windows kits\8.1\include\shared\winerror.h(50538) : 'D2DERR_SHADER_COMPILE_FAILED'의 이전 정의를 참조하십시오.
     1>c:\program files (x86)\microsoft directx sdk (june 2010)\include\d2derr.h(134): warning C4005: 'D2DERR_MAX_TEXTURE_SIZE_EXCEEDED' : 매크로 재정의
                 c:\program files (x86)\windows kits\8.1\include\shared\winerror.h(50547) : 'D2DERR_MAX_TEXTURE_SIZE_EXCEEDED'의 이전 정의를 참조하십시오.
     1>c:\program files (x86)\microsoft directx sdk (june 2010)\include\d2derr.h(139): warning C4005: 'D2DERR_UNSUPPORTED_VERSION' : 매크로 재정의
                 c:\program files (x86)\windows kits\8.1\include\shared\winerror.h(50556) : 'D2DERR_UNSUPPORTED_VERSION'의 이전 정의를 참조하십시오.
     1>c:\program files (x86)\microsoft directx sdk (june 2010)\include\d2derr.h(144): warning C4005: 'D2DERR_BAD_NUMBER' : 매크로 재정의
                 c:\program files (x86)\windows kits\8.1\include\shared\winerror.h(50565) : 'D2DERR_BAD_NUMBER'의 이전 정의를 참조하십시오.
     1>c:\program files (x86)\microsoft directx sdk (june 2010)\include\d2derr.h(149): warning C4005: 'D2DERR_WRONG_FACTORY' : 매크로 재정의
                 c:\program files (x86)\windows kits\8.1\include\shared\winerror.h(50574) : 'D2DERR_WRONG_FACTORY'의 이전 정의를 참조하십시오.
     1>c:\program files (x86)\microsoft directx sdk (june 2010)\include\d2derr.h(154): warning C4005: 'D2DERR_LAYER_ALREADY_IN_USE' : 매크로 재정의
                 c:\program files (x86)\windows kits\8.1\include\shared\winerror.h(50583) : 'D2DERR_LAYER_ALREADY_IN_USE'의 이전 정의를 참조하십시오.
     1>c:\program files (x86)\microsoft directx sdk (june 2010)\include\d2derr.h(159): warning C4005: 'D2DERR_POP_CALL_DID_NOT_MATCH_PUSH' : 매크로 재정의
                 c:\program files (x86)\windows kits\8.1\include\shared\winerror.h(50592) : 'D2DERR_POP_CALL_DID_NOT_MATCH_PUSH'의 이전 정의를 참조하십시오.
     1>c:\program files (x86)\microsoft directx sdk (june 2010)\include\d2derr.h(164): warning C4005: 'D2DERR_WRONG_RESOURCE_DOMAIN' : 매크로 재정의
                 c:\program files (x86)\windows kits\8.1\include\shared\winerror.h(50601) : 'D2DERR_WRONG_RESOURCE_DOMAIN'의 이전 정의를 참조하십시오.
     1>c:\program files (x86)\microsoft directx sdk (june 2010)\include\d2derr.h(169): warning C4005: 'D2DERR_PUSH_POP_UNBALANCED' : 매크로 재정의
                 c:\program files (x86)\windows kits\8.1\include\shared\winerror.h(50610) : 'D2DERR_PUSH_POP_UNBALANCED'의 이전 정의를 참조하십시오.
     1>c:\program files (x86)\microsoft directx sdk (june 2010)\include\d2derr.h(174): warning C4005: 'D2DERR_RENDER_TARGET_HAS_LAYER_OR_CLIPRECT' : 매크로 재정의
                 c:\program files (x86)\windows kits\8.1\include\shared\winerror.h(50619) : 'D2DERR_RENDER_TARGET_HAS_LAYER_OR_CLIPRECT'의 이전 정의를 참조하십시오.
     1>c:\program files (x86)\microsoft directx sdk (june 2010)\include\d2derr.h(179): warning C4005: 'D2DERR_INCOMPATIBLE_BRUSH_TYPES' : 매크로 재정의
                 c:\program files (x86)\windows kits\8.1\include\shared\winerror.h(50628) : 'D2DERR_INCOMPATIBLE_BRUSH_TYPES'의 이전 정의를 참조하십시오.
     1>c:\program files (x86)\microsoft directx sdk (june 2010)\include\d2derr.h(184): warning C4005: 'D2DERR_WIN32_ERROR' : 매크로 재정의
                 c:\program files (x86)\windows kits\8.1\include\shared\winerror.h(50637) : 'D2DERR_WIN32_ERROR'의 이전 정의를 참조하십시오.
     1>c:\program files (x86)\microsoft directx sdk (june 2010)\include\d2derr.h(189): warning C4005: 'D2DERR_TARGET_NOT_GDI_COMPATIBLE' : 매크로 재정의
                 c:\program files (x86)\windows kits\8.1\include\shared\winerror.h(50646) : 'D2DERR_TARGET_NOT_GDI_COMPATIBLE'의 이전 정의를 참조하십시오.
     1>c:\program files (x86)\microsoft directx sdk (june 2010)\include\d2derr.h(194): warning C4005: 'D2DERR_TEXT_EFFECT_IS_WRONG_TYPE' : 매크로 재정의
                 c:\program files (x86)\windows kits\8.1\include\shared\winerror.h(50655) : 'D2DERR_TEXT_EFFECT_IS_WRONG_TYPE'의 이전 정의를 참조하십시오.
     1>c:\program files (x86)\microsoft directx sdk (june 2010)\include\d2derr.h(201): warning C4005: 'D2DERR_TEXT_RENDERER_NOT_RELEASED' : 매크로 재정의
                 c:\program files (x86)\windows kits\8.1\include\shared\winerror.h(50664) : 'D2DERR_TEXT_RENDERER_NOT_RELEASED'의 이전 정의를 참조하십시오.
     1>c:\program files (x86)\microsoft directx sdk (june 2010)\include\d2derr.h(206): warning C4005: 'D2DERR_EXCEEDS_MAX_BITMAP_SIZE' : 매크로 재정의
                 c:\program files (x86)\windows kits\8.1\include\shared\winerror.h(50673) : 'D2DERR_EXCEEDS_MAX_BITMAP_SIZE'의 이전 정의를 참조하십시오.
     1>c:\program files (x86)\microsoft directx sdk (june 2010)\include\dxgitype.h(12): warning C4005: 'DXGI_STATUS_OCCLUDED' : 매크로 재정의
                 c:\program files (x86)\windows kits\8.1\include\shared\winerror.h(50002) : 'DXGI_STATUS_OCCLUDED'의 이전 정의를 참조하십시오.
     1>c:\program files (x86)\microsoft directx sdk (june 2010)\include\dxgitype.h(13): warning C4005: 'DXGI_STATUS_CLIPPED' : 매크로 재정의
                 c:\program files (x86)\windows kits\8.1\include\shared\winerror.h(50011) : 'DXGI_STATUS_CLIPPED'의 이전 정의를 참조하십시오.
     1>c:\program files (x86)\microsoft directx sdk (june 2010)\include\dxgitype.h(14): warning C4005: 'DXGI_STATUS_NO_REDIRECTION' : 매크로 재정의
                 c:\program files (x86)\windows kits\8.1\include\shared\winerror.h(50020) : 'DXGI_STATUS_NO_REDIRECTION'의 이전 정의를 참조하십시오.
     1>c:\program files (x86)\microsoft directx sdk (june 2010)\include\dxgitype.h(15): warning C4005: 'DXGI_STATUS_NO_DESKTOP_ACCESS' : 매크로 재정의
                 c:\program files (x86)\windows kits\8.1\include\shared\winerror.h(50029) : 'DXGI_STATUS_NO_DESKTOP_ACCESS'의 이전 정의를 참조하십시오.
     1>c:\program files (x86)\microsoft directx sdk (june 2010)\include\dxgitype.h(16): warning C4005: 'DXGI_STATUS_GRAPHICS_VIDPN_SOURCE_IN_USE' : 매크로 재정의
                 c:\program files (x86)\windows kits\8.1\include\shared\winerror.h(50038) : 'DXGI_STATUS_GRAPHICS_VIDPN_SOURCE_IN_USE'의 이전 정의를 참조하십시오.
     1>c:\program files (x86)\microsoft directx sdk (june 2010)\include\dxgitype.h(17): warning C4005: 'DXGI_STATUS_MODE_CHANGED' : 매크로 재정의
                 c:\program files (x86)\windows kits\8.1\include\shared\winerror.h(50047) : 'DXGI_STATUS_MODE_CHANGED'의 이전 정의를 참조하십시오.
     1>c:\program files (x86)\microsoft directx sdk (june 2010)\include\dxgitype.h(18): warning C4005: 'DXGI_STATUS_MODE_CHANGE_IN_PROGRESS' : 매크로 재정의
                 c:\program files (x86)\windows kits\8.1\include\shared\winerror.h(50056) : 'DXGI_STATUS_MODE_CHANGE_IN_PROGRESS'의 이전 정의를 참조하십시오.
     1>c:\program files (x86)\microsoft directx sdk (june 2010)\include\dxgitype.h(21): warning C4005: 'DXGI_ERROR_INVALID_CALL' : 매크로 재정의
                 c:\program files (x86)\windows kits\8.1\include\shared\winerror.h(50071) : 'DXGI_ERROR_INVALID_CALL'의 이전 정의를 참조하십시오.
     1>c:\program files (x86)\microsoft directx sdk (june 2010)\include\dxgitype.h(22): warning C4005: 'DXGI_ERROR_NOT_FOUND' : 매크로 재정의
                 c:\program files (x86)\windows kits\8.1\include\shared\winerror.h(50080) : 'DXGI_ERROR_NOT_FOUND'의 이전 정의를 참조하십시오.
     1>c:\program files (x86)\microsoft directx sdk (june 2010)\include\dxgitype.h(23): warning C4005: 'DXGI_ERROR_MORE_DATA' : 매크로 재정의
                 c:\program files (x86)\windows kits\8.1\include\shared\winerror.h(50089) : 'DXGI_ERROR_MORE_DATA'의 이전 정의를 참조하십시오.
     1>c:\program files (x86)\microsoft directx sdk (june 2010)\include\dxgitype.h(24): warning C4005: 'DXGI_ERROR_UNSUPPORTED' : 매크로 재정의
                 c:\program files (x86)\windows kits\8.1\include\shared\winerror.h(50098) : 'DXGI_ERROR_UNSUPPORTED'의 이전 정의를 참조하십시오.
     1>c:\program files (x86)\microsoft directx sdk (june 2010)\include\dxgitype.h(25): warning C4005: 'DXGI_ERROR_DEVICE_REMOVED' : 매크로 재정의
                 c:\program files (x86)\windows kits\8.1\include\shared\winerror.h(50107) : 'DXGI_ERROR_DEVICE_REMOVED'의 이전 정의를 참조하십시오.
     1>c:\program files (x86)\microsoft directx sdk (june 2010)\include\dxgitype.h(26): warning C4005: 'DXGI_ERROR_DEVICE_HUNG' : 매크로 재정의
                 c:\program files (x86)\windows kits\8.1\include\shared\winerror.h(50116) : 'DXGI_ERROR_DEVICE_HUNG'의 이전 정의를 참조하십시오.
     1>c:\program files (x86)\microsoft directx sdk (june 2010)\include\dxgitype.h(27): warning C4005: 'DXGI_ERROR_DEVICE_RESET' : 매크로 재정의
                 c:\program files (x86)\windows kits\8.1\include\shared\winerror.h(50126) : 'DXGI_ERROR_DEVICE_RESET'의 이전 정의를 참조하십시오.
     1>c:\program files (x86)\microsoft directx sdk (june 2010)\include\dxgitype.h(28): warning C4005: 'DXGI_ERROR_WAS_STILL_DRAWING' : 매크로 재정의
                 c:\program files (x86)\windows kits\8.1\include\shared\winerror.h(50135) : 'DXGI_ERROR_WAS_STILL_DRAWING'의 이전 정의를 참조하십시오.
     1>c:\program files (x86)\microsoft directx sdk (june 2010)\include\dxgitype.h(29): warning C4005: 'DXGI_ERROR_FRAME_STATISTICS_DISJOINT' : 매크로 재정의
                 c:\program files (x86)\windows kits\8.1\include\shared\winerror.h(50145) : 'DXGI_ERROR_FRAME_STATISTICS_DISJOINT'의 이전 정의를 참조하십시오.
     1>c:\program files (x86)\microsoft directx sdk (june 2010)\include\dxgitype.h(30): warning C4005: 'DXGI_ERROR_GRAPHICS_VIDPN_SOURCE_IN_USE' : 매크로 재정의
                 c:\program files (x86)\windows kits\8.1\include\shared\winerror.h(50154) : 'DXGI_ERROR_GRAPHICS_VIDPN_SOURCE_IN_USE'의 이전 정의를 참조하십시오.
     1>c:\program files (x86)\microsoft directx sdk (june 2010)\include\dxgitype.h(31): warning C4005: 'DXGI_ERROR_DRIVER_INTERNAL_ERROR' : 매크로 재정의
                 c:\program files (x86)\windows kits\8.1\include\shared\winerror.h(50164) : 'DXGI_ERROR_DRIVER_INTERNAL_ERROR'의 이전 정의를 참조하십시오.
     1>c:\program files (x86)\microsoft directx sdk (june 2010)\include\dxgitype.h(32): warning C4005: 'DXGI_ERROR_NONEXCLUSIVE' : 매크로 재정의
                 c:\program files (x86)\windows kits\8.1\include\shared\winerror.h(50173) : 'DXGI_ERROR_NONEXCLUSIVE'의 이전 정의를 참조하십시오.
     1>c:\program files (x86)\microsoft directx sdk (june 2010)\include\dxgitype.h(33): warning C4005: 'DXGI_ERROR_NOT_CURRENTLY_AVAILABLE' : 매크로 재정의
                 c:\program files (x86)\windows kits\8.1\include\shared\winerror.h(50182) : 'DXGI_ERROR_NOT_CURRENTLY_AVAILABLE'의 이전 정의를 참조하십시오.
     1>c:\program files (x86)\microsoft directx sdk (june 2010)\include\dxgitype.h(34): warning C4005: 'DXGI_ERROR_REMOTE_CLIENT_DISCONNECTED' : 매크로 재정의
                 c:\program files (x86)\windows kits\8.1\include\shared\winerror.h(50192) : 'DXGI_ERROR_REMOTE_CLIENT_DISCONNECTED'의 이전 정의를 참조하십시오.
     1>c:\program files (x86)\microsoft directx sdk (june 2010)\include\dxgitype.h(35): warning C4005: 'DXGI_ERROR_REMOTE_OUTOFMEMORY' : 매크로 재정의
                 c:\program files (x86)\windows kits\8.1\include\shared\winerror.h(50201) : 'DXGI_ERROR_REMOTE_OUTOFMEMORY'의 이전 정의를 참조하십시오.
     1>c:\program files (x86)\microsoft directx sdk (june 2010)\include\d3d10.h(608): warning C4005: 'D3D10_ERROR_TOO_MANY_UNIQUE_STATE_OBJECTS' : 매크로 재정의
                 c:\program files (x86)\windows kits\8.1\include\shared\winerror.h(50355) : 'D3D10_ERROR_TOO_MANY_UNIQUE_STATE_OBJECTS'의 이전 정의를 참조하십시오.
     1>c:\program files (x86)\microsoft directx sdk (june 2010)\include\d3d10.h(609): warning C4005: 'D3D10_ERROR_FILE_NOT_FOUND' : 매크로 재정의
                 c:\program files (x86)\windows kits\8.1\include\shared\winerror.h(50364) : 'D3D10_ERROR_FILE_NOT_FOUND'의 이전 정의를 참조하십시오.
     1>c:\program files (x86)\microsoft directx sdk (june 2010)\include\dwrite.h(4962): warning C4005: 'DWRITE_E_FILEFORMAT' : 매크로 재정의
                 c:\program files (x86)\windows kits\8.1\include\shared\winerror.h(50831) : 'DWRITE_E_FILEFORMAT'의 이전 정의를 참조하십시오.
     1>c:\program files (x86)\microsoft directx sdk (june 2010)\include\dwrite.h(4967): warning C4005: 'DWRITE_E_UNEXPECTED' : 매크로 재정의
                 c:\program files (x86)\windows kits\8.1\include\shared\winerror.h(50840) : 'DWRITE_E_UNEXPECTED'의 이전 정의를 참조하십시오.
     1>c:\program files (x86)\microsoft directx sdk (june 2010)\include\dwrite.h(4972): warning C4005: 'DWRITE_E_NOFONT' : 매크로 재정의
                 c:\program files (x86)\windows kits\8.1\include\shared\winerror.h(50849) : 'DWRITE_E_NOFONT'의 이전 정의를 참조하십시오.
     1>c:\program files (x86)\microsoft directx sdk (june 2010)\include\dwrite.h(4978): warning C4005: 'DWRITE_E_FILENOTFOUND' : 매크로 재정의
                 c:\program files (x86)\windows kits\8.1\include\shared\winerror.h(50858) : 'DWRITE_E_FILENOTFOUND'의 이전 정의를 참조하십시오.
     1>c:\program files (x86)\microsoft directx sdk (june 2010)\include\dwrite.h(4983): warning C4005: 'DWRITE_E_FILEACCESS' : 매크로 재정의
                 c:\program files (x86)\windows kits\8.1\include\shared\winerror.h(50867) : 'DWRITE_E_FILEACCESS'의 이전 정의를 참조하십시오.
     1>c:\program files (x86)\microsoft directx sdk (june 2010)\include\dwrite.h(4988): warning C4005: 'DWRITE_E_FONTCOLLECTIONOBSOLETE' : 매크로 재정의
                 c:\program files (x86)\windows kits\8.1\include\shared\winerror.h(50876) : 'DWRITE_E_FONTCOLLECTIONOBSOLETE'의 이전 정의를 참조하십시오.
     1>c:\program files (x86)\microsoft directx sdk (june 2010)\include\dwrite.h(4993): warning C4005: 'DWRITE_E_ALREADYREGISTERED' : 매크로 재정의
                 c:\program files (x86)\windows kits\8.1\include\shared\winerror.h(50885) : 'DWRITE_E_ALREADYREGISTERED'의 이전 정의를 참조하십시오.
         Graphics.cpp
     1>c:\program files (x86)\microsoft directx sdk (june 2010)\include\d2derr.h(59): warning C4005: 'D2DERR_WRONG_STATE' : 매크로 재정의
                 c:\program files (x86)\windows kits\8.1\include\shared\winerror.h(50421) : 'D2DERR_WRONG_STATE'의 이전 정의를 참조하십시오.
     1>c:\program files (x86)\microsoft directx sdk (june 2010)\include\d2derr.h(64): warning C4005: 'D2DERR_NOT_INITIALIZED' : 매크로 재정의
                 c:\program files (x86)\windows kits\8.1\include\shared\winerror.h(50430) : 'D2DERR_NOT_INITIALIZED'의 이전 정의를 참조하십시오.
     1>c:\program files (x86)\microsoft directx sdk (june 2010)\include\d2derr.h(69): warning C4005: 'D2DERR_UNSUPPORTED_OPERATION' : 매크로 재정의
                 c:\program files (x86)\windows kits\8.1\include\shared\winerror.h(50439) : 'D2DERR_UNSUPPORTED_OPERATION'의 이전 정의를 참조하십시오.
     1>c:\program files (x86)\microsoft directx sdk (june 2010)\include\d2derr.h(74): warning C4005: 'D2DERR_SCANNER_FAILED' : 매크로 재정의
                 c:\program files (x86)\windows kits\8.1\include\shared\winerror.h(50448) : 'D2DERR_SCANNER_FAILED'의 이전 정의를 참조하십시오.
     1>c:\program files (x86)\microsoft directx sdk (june 2010)\include\d2derr.h(79): warning C4005: 'D2DERR_SCREEN_ACCESS_DENIED' : 매크로 재정의
                 c:\program files (x86)\windows kits\8.1\include\shared\winerror.h(50457) : 'D2DERR_SCREEN_ACCESS_DENIED'의 이전 정의를 참조하십시오.
     1>c:\program files (x86)\microsoft directx sdk (june 2010)\include\d2derr.h(84): warning C4005: 'D2DERR_DISPLAY_STATE_INVALID' : 매크로 재정의
                 c:\program files (x86)\windows kits\8.1\include\shared\winerror.h(50466) : 'D2DERR_DISPLAY_STATE_INVALID'의 이전 정의를 참조하십시오.
     1>c:\program files (x86)\microsoft directx sdk (june 2010)\include\d2derr.h(89): warning C4005: 'D2DERR_ZERO_VECTOR' : 매크로 재정의
                 c:\program files (x86)\windows kits\8.1\include\shared\winerror.h(50475) : 'D2DERR_ZERO_VECTOR'의 이전 정의를 참조하십시오.
     1>c:\program files (x86)\microsoft directx sdk (june 2010)\include\d2derr.h(97): warning C4005: 'D2DERR_INTERNAL_ERROR' : 매크로 재정의
                 c:\program files (x86)\windows kits\8.1\include\shared\winerror.h(50484) : 'D2DERR_INTERNAL_ERROR'의 이전 정의를 참조하십시오.
     1>c:\program files (x86)\microsoft directx sdk (june 2010)\include\d2derr.h(103): warning C4005: 'D2DERR_DISPLAY_FORMAT_NOT_SUPPORTED' : 매크로 재정의
                 c:\program files (x86)\windows kits\8.1\include\shared\winerror.h(50493) : 'D2DERR_DISPLAY_FORMAT_NOT_SUPPORTED'의 이전 정의를 참조하십시오.
     1>c:\program files (x86)\microsoft directx sdk (june 2010)\include\d2derr.h(108): warning C4005: 'D2DERR_INVALID_CALL' : 매크로 재정의
                 c:\program files (x86)\windows kits\8.1\include\shared\winerror.h(50502) : 'D2DERR_INVALID_CALL'의 이전 정의를 참조하십시오.
     1>c:\program files (x86)\microsoft directx sdk (june 2010)\include\d2derr.h(113): warning C4005: 'D2DERR_NO_HARDWARE_DEVICE' : 매크로 재정의
                 c:\program files (x86)\windows kits\8.1\include\shared\winerror.h(50511) : 'D2DERR_NO_HARDWARE_DEVICE'의 이전 정의를 참조하십시오.
     1>c:\program files (x86)\microsoft directx sdk (june 2010)\include\d2derr.h(119): warning C4005: 'D2DERR_RECREATE_TARGET' : 매크로 재정의
                 c:\program files (x86)\windows kits\8.1\include\shared\winerror.h(50520) : 'D2DERR_RECREATE_TARGET'의 이전 정의를 참조하십시오.
     1>c:\program files (x86)\microsoft directx sdk (june 2010)\include\d2derr.h(124): warning C4005: 'D2DERR_TOO_MANY_SHADER_ELEMENTS' : 매크로 재정의
                 c:\program files (x86)\windows kits\8.1\include\shared\winerror.h(50529) : 'D2DERR_TOO_MANY_SHADER_ELEMENTS'의 이전 정의를 참조하십시오.
     1>c:\program files (x86)\microsoft directx sdk (june 2010)\include\d2derr.h(129): warning C4005: 'D2DERR_SHADER_COMPILE_FAILED' : 매크로 재정의
                 c:\program files (x86)\windows kits\8.1\include\shared\winerror.h(50538) : 'D2DERR_SHADER_COMPILE_FAILED'의 이전 정의를 참조하십시오.
     1>c:\program files (x86)\microsoft directx sdk (june 2010)\include\d2derr.h(134): warning C4005: 'D2DERR_MAX_TEXTURE_SIZE_EXCEEDED' : 매크로 재정의
                 c:\program files (x86)\windows kits\8.1\include\shared\winerror.h(50547) : 'D2DERR_MAX_TEXTURE_SIZE_EXCEEDED'의 이전 정의를 참조하십시오.
     1>c:\program files (x86)\microsoft directx sdk (june 2010)\include\d2derr.h(139): warning C4005: 'D2DERR_UNSUPPORTED_VERSION' : 매크로 재정의
                 c:\program files (x86)\windows kits\8.1\include\shared\winerror.h(50556) : 'D2DERR_UNSUPPORTED_VERSION'의 이전 정의를 참조하십시오.
     1>c:\program files (x86)\microsoft directx sdk (june 2010)\include\d2derr.h(144): warning C4005: 'D2DERR_BAD_NUMBER' : 매크로 재정의
                 c:\program files (x86)\windows kits\8.1\include\shared\winerror.h(50565) : 'D2DERR_BAD_NUMBER'의 이전 정의를 참조하십시오.
     1>c:\program files (x86)\microsoft directx sdk (june 2010)\include\d2derr.h(149): warning C4005: 'D2DERR_WRONG_FACTORY' : 매크로 재정의
                 c:\program files (x86)\windows kits\8.1\include\shared\winerror.h(50574) : 'D2DERR_WRONG_FACTORY'의 이전 정의를 참조하십시오.
     1>c:\program files (x86)\microsoft directx sdk (june 2010)\include\d2derr.h(154): warning C4005: 'D2DERR_LAYER_ALREADY_IN_USE' : 매크로 재정의
                 c:\program files (x86)\windows kits\8.1\include\shared\winerror.h(50583) : 'D2DERR_LAYER_ALREADY_IN_USE'의 이전 정의를 참조하십시오.
     1>c:\program files (x86)\microsoft directx sdk (june 2010)\include\d2derr.h(159): warning C4005: 'D2DERR_POP_CALL_DID_NOT_MATCH_PUSH' : 매크로 재정의
                 c:\program files (x86)\windows kits\8.1\include\shared\winerror.h(50592) : 'D2DERR_POP_CALL_DID_NOT_MATCH_PUSH'의 이전 정의를 참조하십시오.
     1>c:\program files (x86)\microsoft directx sdk (june 2010)\include\d2derr.h(164): warning C4005: 'D2DERR_WRONG_RESOURCE_DOMAIN' : 매크로 재정의
                 c:\program files (x86)\windows kits\8.1\include\shared\winerror.h(50601) : 'D2DERR_WRONG_RESOURCE_DOMAIN'의 이전 정의를 참조하십시오.
     1>c:\program files (x86)\microsoft directx sdk (june 2010)\include\d2derr.h(169): warning C4005: 'D2DERR_PUSH_POP_UNBALANCED' : 매크로 재정의
                 c:\program files (x86)\windows kits\8.1\include\shared\winerror.h(50610) : 'D2DERR_PUSH_POP_UNBALANCED'의 이전 정의를 참조하십시오.
     1>c:\program files (x86)\microsoft directx sdk (june 2010)\include\d2derr.h(174): warning C4005: 'D2DERR_RENDER_TARGET_HAS_LAYER_OR_CLIPRECT' : 매크로 재정의
                 c:\program files (x86)\windows kits\8.1\include\shared\winerror.h(50619) : 'D2DERR_RENDER_TARGET_HAS_LAYER_OR_CLIPRECT'의 이전 정의를 참조하십시오.
     1>c:\program files (x86)\microsoft directx sdk (june 2010)\include\d2derr.h(179): warning C4005: 'D2DERR_INCOMPATIBLE_BRUSH_TYPES' : 매크로 재정의
                 c:\program files (x86)\windows kits\8.1\include\shared\winerror.h(50628) : 'D2DERR_INCOMPATIBLE_BRUSH_TYPES'의 이전 정의를 참조하십시오.
     1>c:\program files (x86)\microsoft directx sdk (june 2010)\include\d2derr.h(184): warning C4005: 'D2DERR_WIN32_ERROR' : 매크로 재정의
                 c:\program files (x86)\windows kits\8.1\include\shared\winerror.h(50637) : 'D2DERR_WIN32_ERROR'의 이전 정의를 참조하십시오.
     1>c:\program files (x86)\microsoft directx sdk (june 2010)\include\d2derr.h(189): warning C4005: 'D2DERR_TARGET_NOT_GDI_COMPATIBLE' : 매크로 재정의
                 c:\program files (x86)\windows kits\8.1\include\shared\winerror.h(50646) : 'D2DERR_TARGET_NOT_GDI_COMPATIBLE'의 이전 정의를 참조하십시오.
     1>c:\program files (x86)\microsoft directx sdk (june 2010)\include\d2derr.h(194): warning C4005: 'D2DERR_TEXT_EFFECT_IS_WRONG_TYPE' : 매크로 재정의
                 c:\program files (x86)\windows kits\8.1\include\shared\winerror.h(50655) : 'D2DERR_TEXT_EFFECT_IS_WRONG_TYPE'의 이전 정의를 참조하십시오.
     1>c:\program files (x86)\microsoft directx sdk (june 2010)\include\d2derr.h(201): warning C4005: 'D2DERR_TEXT_RENDERER_NOT_RELEASED' : 매크로 재정의
                 c:\program files (x86)\windows kits\8.1\include\shared\winerror.h(50664) : 'D2DERR_TEXT_RENDERER_NOT_RELEASED'의 이전 정의를 참조하십시오.
     1>c:\program files (x86)\microsoft directx sdk (june 2010)\include\d2derr.h(206): warning C4005: 'D2DERR_EXCEEDS_MAX_BITMAP_SIZE' : 매크로 재정의
                 c:\program files (x86)\windows kits\8.1\include\shared\winerror.h(50673) : 'D2DERR_EXCEEDS_MAX_BITMAP_SIZE'의 이전 정의를 참조하십시오.
     1>c:\program files (x86)\microsoft directx sdk (june 2010)\include\dxgitype.h(12): warning C4005: 'DXGI_STATUS_OCCLUDED' : 매크로 재정의
                 c:\program files (x86)\windows kits\8.1\include\shared\winerror.h(50002) : 'DXGI_STATUS_OCCLUDED'의 이전 정의를 참조하십시오.
     1>c:\program files (x86)\microsoft directx sdk (june 2010)\include\dxgitype.h(13): warning C4005: 'DXGI_STATUS_CLIPPED' : 매크로 재정의
                 c:\program files (x86)\windows kits\8.1\include\shared\winerror.h(50011) : 'DXGI_STATUS_CLIPPED'의 이전 정의를 참조하십시오.
     1>c:\program files (x86)\microsoft directx sdk (june 2010)\include\dxgitype.h(14): warning C4005: 'DXGI_STATUS_NO_REDIRECTION' : 매크로 재정의
                 c:\program files (x86)\windows kits\8.1\include\shared\winerror.h(50020) : 'DXGI_STATUS_NO_REDIRECTION'의 이전 정의를 참조하십시오.
     1>c:\program files (x86)\microsoft directx sdk (june 2010)\include\dxgitype.h(15): warning C4005: 'DXGI_STATUS_NO_DESKTOP_ACCESS' : 매크로 재정의
                 c:\program files (x86)\windows kits\8.1\include\shared\winerror.h(50029) : 'DXGI_STATUS_NO_DESKTOP_ACCESS'의 이전 정의를 참조하십시오.
     1>c:\program files (x86)\microsoft directx sdk (june 2010)\include\dxgitype.h(16): warning C4005: 'DXGI_STATUS_GRAPHICS_VIDPN_SOURCE_IN_USE' : 매크로 재정의
                 c:\program files (x86)\windows kits\8.1\include\shared\winerror.h(50038) : 'DXGI_STATUS_GRAPHICS_VIDPN_SOURCE_IN_USE'의 이전 정의를 참조하십시오.
     1>c:\program files (x86)\microsoft directx sdk (june 2010)\include\dxgitype.h(17): warning C4005: 'DXGI_STATUS_MODE_CHANGED' : 매크로 재정의
                 c:\program files (x86)\windows kits\8.1\include\shared\winerror.h(50047) : 'DXGI_STATUS_MODE_CHANGED'의 이전 정의를 참조하십시오.
     1>c:\program files (x86)\microsoft directx sdk (june 2010)\include\dxgitype.h(18): warning C4005: 'DXGI_STATUS_MODE_CHANGE_IN_PROGRESS' : 매크로 재정의
                 c:\program files (x86)\windows kits\8.1\include\shared\winerror.h(50056) : 'DXGI_STATUS_MODE_CHANGE_IN_PROGRESS'의 이전 정의를 참조하십시오.
     1>c:\program files (x86)\microsoft directx sdk (june 2010)\include\dxgitype.h(21): warning C4005: 'DXGI_ERROR_INVALID_CALL' : 매크로 재정의
                 c:\program files (x86)\windows kits\8.1\include\shared\winerror.h(50071) : 'DXGI_ERROR_INVALID_CALL'의 이전 정의를 참조하십시오.
     1>c:\program files (x86)\microsoft directx sdk (june 2010)\include\dxgitype.h(22): warning C4005: 'DXGI_ERROR_NOT_FOUND' : 매크로 재정의
                 c:\program files (x86)\windows kits\8.1\include\shared\winerror.h(50080) : 'DXGI_ERROR_NOT_FOUND'의 이전 정의를 참조하십시오.
     1>c:\program files (x86)\microsoft directx sdk (june 2010)\include\dxgitype.h(23): warning C4005: 'DXGI_ERROR_MORE_DATA' : 매크로 재정의
                 c:\program files (x86)\windows kits\8.1\include\shared\winerror.h(50089) : 'DXGI_ERROR_MORE_DATA'의 이전 정의를 참조하십시오.
     1>c:\program files (x86)\microsoft directx sdk (june 2010)\include\dxgitype.h(24): warning C4005: 'DXGI_ERROR_UNSUPPORTED' : 매크로 재정의
                 c:\program files (x86)\windows kits\8.1\include\shared\winerror.h(50098) : 'DXGI_ERROR_UNSUPPORTED'의 이전 정의를 참조하십시오.
     1>c:\program files (x86)\microsoft directx sdk (june 2010)\include\dxgitype.h(25): warning C4005: 'DXGI_ERROR_DEVICE_REMOVED' : 매크로 재정의
                 c:\program files (x86)\windows kits\8.1\include\shared\winerror.h(50107) : 'DXGI_ERROR_DEVICE_REMOVED'의 이전 정의를 참조하십시오.
     1>c:\program files (x86)\microsoft directx sdk (june 2010)\include\dxgitype.h(26): warning C4005: 'DXGI_ERROR_DEVICE_HUNG' : 매크로 재정의
                 c:\program files (x86)\windows kits\8.1\include\shared\winerror.h(50116) : 'DXGI_ERROR_DEVICE_HUNG'의 이전 정의를 참조하십시오.
     1>c:\program files (x86)\microsoft directx sdk (june 2010)\include\dxgitype.h(27): warning C4005: 'DXGI_ERROR_DEVICE_RESET' : 매크로 재정의
                 c:\program files (x86)\windows kits\8.1\include\shared\winerror.h(50126) : 'DXGI_ERROR_DEVICE_RESET'의 이전 정의를 참조하십시오.
     1>c:\program files (x86)\microsoft directx sdk (june 2010)\include\dxgitype.h(28): warning C4005: 'DXGI_ERROR_WAS_STILL_DRAWING' : 매크로 재정의
                 c:\program files (x86)\windows kits\8.1\include\shared\winerror.h(50135) : 'DXGI_ERROR_WAS_STILL_DRAWING'의 이전 정의를 참조하십시오.
     1>c:\program files (x86)\microsoft directx sdk (june 2010)\include\dxgitype.h(29): warning C4005: 'DXGI_ERROR_FRAME_STATISTICS_DISJOINT' : 매크로 재정의
                 c:\program files (x86)\windows kits\8.1\include\shared\winerror.h(50145) : 'DXGI_ERROR_FRAME_STATISTICS_DISJOINT'의 이전 정의를 참조하십시오.
     1>c:\program files (x86)\microsoft directx sdk (june 2010)\include\dxgitype.h(30): warning C4005: 'DXGI_ERROR_GRAPHICS_VIDPN_SOURCE_IN_USE' : 매크로 재정의
                 c:\program files (x86)\windows kits\8.1\include\shared\winerror.h(50154) : 'DXGI_ERROR_GRAPHICS_VIDPN_SOURCE_IN_USE'의 이전 정의를 참조하십시오.
     1>c:\program files (x86)\microsoft directx sdk (june 2010)\include\dxgitype.h(31): warning C4005: 'DXGI_ERROR_DRIVER_INTERNAL_ERROR' : 매크로 재정의
                 c:\program files (x86)\windows kits\8.1\include\shared\winerror.h(50164) : 'DXGI_ERROR_DRIVER_INTERNAL_ERROR'의 이전 정의를 참조하십시오.
     1>c:\program files (x86)\microsoft directx sdk (june 2010)\include\dxgitype.h(32): warning C4005: 'DXGI_ERROR_NONEXCLUSIVE' : 매크로 재정의
                 c:\program files (x86)\windows kits\8.1\include\shared\winerror.h(50173) : 'DXGI_ERROR_NONEXCLUSIVE'의 이전 정의를 참조하십시오.
     1>c:\program files (x86)\microsoft directx sdk (june 2010)\include\dxgitype.h(33): warning C4005: 'DXGI_ERROR_NOT_CURRENTLY_AVAILABLE' : 매크로 재정의
                 c:\program files (x86)\windows kits\8.1\include\shared\winerror.h(50182) : 'DXGI_ERROR_NOT_CURRENTLY_AVAILABLE'의 이전 정의를 참조하십시오.
     1>c:\program files (x86)\microsoft directx sdk (june 2010)\include\dxgitype.h(34): warning C4005: 'DXGI_ERROR_REMOTE_CLIENT_DISCONNECTED' : 매크로 재정의
                 c:\program files (x86)\windows kits\8.1\include\shared\winerror.h(50192) : 'DXGI_ERROR_REMOTE_CLIENT_DISCONNECTED'의 이전 정의를 참조하십시오.
     1>c:\program files (x86)\microsoft directx sdk (june 2010)\include\dxgitype.h(35): warning C4005: 'DXGI_ERROR_REMOTE_OUTOFMEMORY' : 매크로 재정의
                 c:\program files (x86)\windows kits\8.1\include\shared\winerror.h(50201) : 'DXGI_ERROR_REMOTE_OUTOFMEMORY'의 이전 정의를 참조하십시오.
     1>c:\program files (x86)\microsoft directx sdk (june 2010)\include\d3d10.h(608): warning C4005: 'D3D10_ERROR_TOO_MANY_UNIQUE_STATE_OBJECTS' : 매크로 재정의
                 c:\program files (x86)\windows kits\8.1\include\shared\winerror.h(50355) : 'D3D10_ERROR_TOO_MANY_UNIQUE_STATE_OBJECTS'의 이전 정의를 참조하십시오.
     1>c:\program files (x86)\microsoft directx sdk (june 2010)\include\d3d10.h(609): warning C4005: 'D3D10_ERROR_FILE_NOT_FOUND' : 매크로 재정의
                 c:\program files (x86)\windows kits\8.1\include\shared\winerror.h(50364) : 'D3D10_ERROR_FILE_NOT_FOUND'의 이전 정의를 참조하십시오.
     1>c:\program files (x86)\microsoft directx sdk (june 2010)\include\dwrite.h(4962): warning C4005: 'DWRITE_E_FILEFORMAT' : 매크로 재정의
                 c:\program files (x86)\windows kits\8.1\include\shared\winerror.h(50831) : 'DWRITE_E_FILEFORMAT'의 이전 정의를 참조하십시오.
     1>c:\program files (x86)\microsoft directx sdk (june 2010)\include\dwrite.h(4967): warning C4005: 'DWRITE_E_UNEXPECTED' : 매크로 재정의
                 c:\program files (x86)\windows kits\8.1\include\shared\winerror.h(50840) : 'DWRITE_E_UNEXPECTED'의 이전 정의를 참조하십시오.
     1>c:\program files (x86)\microsoft directx sdk (june 2010)\include\dwrite.h(4972): warning C4005: 'DWRITE_E_NOFONT' : 매크로 재정의
                 c:\program files (x86)\windows kits\8.1\include\shared\winerror.h(50849) : 'DWRITE_E_NOFONT'의 이전 정의를 참조하십시오.
     1>c:\program files (x86)\microsoft directx sdk (june 2010)\include\dwrite.h(4978): warning C4005: 'DWRITE_E_FILENOTFOUND' : 매크로 재정의
                 c:\program files (x86)\windows kits\8.1\include\shared\winerror.h(50858) : 'DWRITE_E_FILENOTFOUND'의 이전 정의를 참조하십시오.
     1>c:\program files (x86)\microsoft directx sdk (june 2010)\include\dwrite.h(4983): warning C4005: 'DWRITE_E_FILEACCESS' : 매크로 재정의
                 c:\program files (x86)\windows kits\8.1\include\shared\winerror.h(50867) : 'DWRITE_E_FILEACCESS'의 이전 정의를 참조하십시오.
     1>c:\program files (x86)\microsoft directx sdk (june 2010)\include\dwrite.h(4988): warning C4005: 'DWRITE_E_FONTCOLLECTIONOBSOLETE' : 매크로 재정의
                 c:\program files (x86)\windows kits\8.1\include\shared\winerror.h(50876) : 'DWRITE_E_FONTCOLLECTIONOBSOLETE'의 이전 정의를 참조하십시오.
     1>c:\program files (x86)\microsoft directx sdk (june 2010)\include\dwrite.h(4993): warning C4005: 'DWRITE_E_ALREADYREGISTERED' : 매크로 재정의
                 c:\program files (x86)\windows kits\8.1\include\shared\winerror.h(50885) : 'DWRITE_E_ALREADYREGISTERED'의 이전 정의를 참조하십시오.
     1>c:\users\administrator\desktop\겜프1014\kinect_character_-_complete_\graphics.cpp(276): warning C4316: 'CSkinnedMesh': 힙에 할당된 개체가 16에 맞추어져 있지 않을 수도 있습니다
         ex3_Skeleton.cpp
     1>c:\program files (x86)\microsoft directx sdk (june 2010)\include\d2derr.h(59): warning C4005: 'D2DERR_WRONG_STATE' : 매크로 재정의
                 c:\program files (x86)\windows kits\8.1\include\shared\winerror.h(50421) : 'D2DERR_WRONG_STATE'의 이전 정의를 참조하십시오.
     1>c:\program files (x86)\microsoft directx sdk (june 2010)\include\d2derr.h(64): warning C4005: 'D2DERR_NOT_INITIALIZED' : 매크로 재정의
                 c:\program files (x86)\windows kits\8.1\include\shared\winerror.h(50430) : 'D2DERR_NOT_INITIALIZED'의 이전 정의를 참조하십시오.
     1>c:\program files (x86)\microsoft directx sdk (june 2010)\include\d2derr.h(69): warning C4005: 'D2DERR_UNSUPPORTED_OPERATION' : 매크로 재정의
                 c:\program files (x86)\windows kits\8.1\include\shared\winerror.h(50439) : 'D2DERR_UNSUPPORTED_OPERATION'의 이전 정의를 참조하십시오.
     1>c:\program files (x86)\microsoft directx sdk (june 2010)\include\d2derr.h(74): warning C4005: 'D2DERR_SCANNER_FAILED' : 매크로 재정의
                 c:\program files (x86)\windows kits\8.1\include\shared\winerror.h(50448) : 'D2DERR_SCANNER_FAILED'의 이전 정의를 참조하십시오.
     1>c:\program files (x86)\microsoft directx sdk (june 2010)\include\d2derr.h(79): warning C4005: 'D2DERR_SCREEN_ACCESS_DENIED' : 매크로 재정의
                 c:\program files (x86)\windows kits\8.1\include\shared\winerror.h(50457) : 'D2DERR_SCREEN_ACCESS_DENIED'의 이전 정의를 참조하십시오.
     1>c:\program files (x86)\microsoft directx sdk (june 2010)\include\d2derr.h(84): warning C4005: 'D2DERR_DISPLAY_STATE_INVALID' : 매크로 재정의
                 c:\program files (x86)\windows kits\8.1\include\shared\winerror.h(50466) : 'D2DERR_DISPLAY_STATE_INVALID'의 이전 정의를 참조하십시오.
     1>c:\program files (x86)\microsoft directx sdk (june 2010)\include\d2derr.h(89): warning C4005: 'D2DERR_ZERO_VECTOR' : 매크로 재정의
                 c:\program files (x86)\windows kits\8.1\include\shared\winerror.h(50475) : 'D2DERR_ZERO_VECTOR'의 이전 정의를 참조하십시오.
     1>c:\program files (x86)\microsoft directx sdk (june 2010)\include\d2derr.h(97): warning C4005: 'D2DERR_INTERNAL_ERROR' : 매크로 재정의
                 c:\program files (x86)\windows kits\8.1\include\shared\winerror.h(50484) : 'D2DERR_INTERNAL_ERROR'의 이전 정의를 참조하십시오.
     1>c:\program files (x86)\microsoft directx sdk (june 2010)\include\d2derr.h(103): warning C4005: 'D2DERR_DISPLAY_FORMAT_NOT_SUPPORTED' : 매크로 재정의
                 c:\program files (x86)\windows kits\8.1\include\shared\winerror.h(50493) : 'D2DERR_DISPLAY_FORMAT_NOT_SUPPORTED'의 이전 정의를 참조하십시오.
     1>c:\program files (x86)\microsoft directx sdk (june 2010)\include\d2derr.h(108): warning C4005: 'D2DERR_INVALID_CALL' : 매크로 재정의
                 c:\program files (x86)\windows kits\8.1\include\shared\winerror.h(50502) : 'D2DERR_INVALID_CALL'의 이전 정의를 참조하십시오.
     1>c:\program files (x86)\microsoft directx sdk (june 2010)\include\d2derr.h(113): warning C4005: 'D2DERR_NO_HARDWARE_DEVICE' : 매크로 재정의
                 c:\program files (x86)\windows kits\8.1\include\shared\winerror.h(50511) : 'D2DERR_NO_HARDWARE_DEVICE'의 이전 정의를 참조하십시오.
     1>c:\program files (x86)\microsoft directx sdk (june 2010)\include\d2derr.h(119): warning C4005: 'D2DERR_RECREATE_TARGET' : 매크로 재정의
                 c:\program files (x86)\windows kits\8.1\include\shared\winerror.h(50520) : 'D2DERR_RECREATE_TARGET'의 이전 정의를 참조하십시오.
     1>c:\program files (x86)\microsoft directx sdk (june 2010)\include\d2derr.h(124): warning C4005: 'D2DERR_TOO_MANY_SHADER_ELEMENTS' : 매크로 재정의
                 c:\program files (x86)\windows kits\8.1\include\shared\winerror.h(50529) : 'D2DERR_TOO_MANY_SHADER_ELEMENTS'의 이전 정의를 참조하십시오.
     1>c:\program files (x86)\microsoft directx sdk (june 2010)\include\d2derr.h(129): warning C4005: 'D2DERR_SHADER_COMPILE_FAILED' : 매크로 재정의
                 c:\program files (x86)\windows kits\8.1\include\shared\winerror.h(50538) : 'D2DERR_SHADER_COMPILE_FAILED'의 이전 정의를 참조하십시오.
     1>c:\program files (x86)\microsoft directx sdk (june 2010)\include\d2derr.h(134): warning C4005: 'D2DERR_MAX_TEXTURE_SIZE_EXCEEDED' : 매크로 재정의
                 c:\program files (x86)\windows kits\8.1\include\shared\winerror.h(50547) : 'D2DERR_MAX_TEXTURE_SIZE_EXCEEDED'의 이전 정의를 참조하십시오.
     1>c:\program files (x86)\microsoft directx sdk (june 2010)\include\d2derr.h(139): warning C4005: 'D2DERR_UNSUPPORTED_VERSION' : 매크로 재정의
                 c:\program files (x86)\windows kits\8.1\include\shared\winerror.h(50556) : 'D2DERR_UNSUPPORTED_VERSION'의 이전 정의를 참조하십시오.
     1>c:\program files (x86)\microsoft directx sdk (june 2010)\include\d2derr.h(144): warning C4005: 'D2DERR_BAD_NUMBER' : 매크로 재정의
                 c:\program files (x86)\windows kits\8.1\include\shared\winerror.h(50565) : 'D2DERR_BAD_NUMBER'의 이전 정의를 참조하십시오.
     1>c:\program files (x86)\microsoft directx sdk (june 2010)\include\d2derr.h(149): warning C4005: 'D2DERR_WRONG_FACTORY' : 매크로 재정의
                 c:\program files (x86)\windows kits\8.1\include\shared\winerror.h(50574) : 'D2DERR_WRONG_FACTORY'의 이전 정의를 참조하십시오.
     1>c:\program files (x86)\microsoft directx sdk (june 2010)\include\d2derr.h(154): warning C4005: 'D2DERR_LAYER_ALREADY_IN_USE' : 매크로 재정의
                 c:\program files (x86)\windows kits\8.1\include\shared\winerror.h(50583) : 'D2DERR_LAYER_ALREADY_IN_USE'의 이전 정의를 참조하십시오.
     1>c:\program files (x86)\microsoft directx sdk (june 2010)\include\d2derr.h(159): warning C4005: 'D2DERR_POP_CALL_DID_NOT_MATCH_PUSH' : 매크로 재정의
                 c:\program files (x86)\windows kits\8.1\include\shared\winerror.h(50592) : 'D2DERR_POP_CALL_DID_NOT_MATCH_PUSH'의 이전 정의를 참조하십시오.
     1>c:\program files (x86)\microsoft directx sdk (june 2010)\include\d2derr.h(164): warning C4005: 'D2DERR_WRONG_RESOURCE_DOMAIN' : 매크로 재정의
                 c:\program files (x86)\windows kits\8.1\include\shared\winerror.h(50601) : 'D2DERR_WRONG_RESOURCE_DOMAIN'의 이전 정의를 참조하십시오.
     1>c:\program files (x86)\microsoft directx sdk (june 2010)\include\d2derr.h(169): warning C4005: 'D2DERR_PUSH_POP_UNBALANCED' : 매크로 재정의
                 c:\program files (x86)\windows kits\8.1\include\shared\winerror.h(50610) : 'D2DERR_PUSH_POP_UNBALANCED'의 이전 정의를 참조하십시오.
     1>c:\program files (x86)\microsoft directx sdk (june 2010)\include\d2derr.h(174): warning C4005: 'D2DERR_RENDER_TARGET_HAS_LAYER_OR_CLIPRECT' : 매크로 재정의
                 c:\program files (x86)\windows kits\8.1\include\shared\winerror.h(50619) : 'D2DERR_RENDER_TARGET_HAS_LAYER_OR_CLIPRECT'의 이전 정의를 참조하십시오.
     1>c:\program files (x86)\microsoft directx sdk (june 2010)\include\d2derr.h(179): warning C4005: 'D2DERR_INCOMPATIBLE_BRUSH_TYPES' : 매크로 재정의
                 c:\program files (x86)\windows kits\8.1\include\shared\winerror.h(50628) : 'D2DERR_INCOMPATIBLE_BRUSH_TYPES'의 이전 정의를 참조하십시오.
     1>c:\program files (x86)\microsoft directx sdk (june 2010)\include\d2derr.h(184): warning C4005: 'D2DERR_WIN32_ERROR' : 매크로 재정의
                 c:\program files (x86)\windows kits\8.1\include\shared\winerror.h(50637) : 'D2DERR_WIN32_ERROR'의 이전 정의를 참조하십시오.
     1>c:\program files (x86)\microsoft directx sdk (june 2010)\include\d2derr.h(189): warning C4005: 'D2DERR_TARGET_NOT_GDI_COMPATIBLE' : 매크로 재정의
                 c:\program files (x86)\windows kits\8.1\include\shared\winerror.h(50646) : 'D2DERR_TARGET_NOT_GDI_COMPATIBLE'의 이전 정의를 참조하십시오.
     1>c:\program files (x86)\microsoft directx sdk (june 2010)\include\d2derr.h(194): warning C4005: 'D2DERR_TEXT_EFFECT_IS_WRONG_TYPE' : 매크로 재정의
                 c:\program files (x86)\windows kits\8.1\include\shared\winerror.h(50655) : 'D2DERR_TEXT_EFFECT_IS_WRONG_TYPE'의 이전 정의를 참조하십시오.
     1>c:\program files (x86)\microsoft directx sdk (june 2010)\include\d2derr.h(201): warning C4005: 'D2DERR_TEXT_RENDERER_NOT_RELEASED' : 매크로 재정의
                 c:\program files (x86)\windows kits\8.1\include\shared\winerror.h(50664) : 'D2DERR_TEXT_RENDERER_NOT_RELEASED'의 이전 정의를 참조하십시오.
     1>c:\program files (x86)\microsoft directx sdk (june 2010)\include\d2derr.h(206): warning C4005: 'D2DERR_EXCEEDS_MAX_BITMAP_SIZE' : 매크로 재정의
                 c:\program files (x86)\windows kits\8.1\include\shared\winerror.h(50673) : 'D2DERR_EXCEEDS_MAX_BITMAP_SIZE'의 이전 정의를 참조하십시오.
     1>c:\program files (x86)\microsoft directx sdk (june 2010)\include\dxgitype.h(12): warning C4005: 'DXGI_STATUS_OCCLUDED' : 매크로 재정의
                 c:\program files (x86)\windows kits\8.1\include\shared\winerror.h(50002) : 'DXGI_STATUS_OCCLUDED'의 이전 정의를 참조하십시오.
     1>c:\program files (x86)\microsoft directx sdk (june 2010)\include\dxgitype.h(13): warning C4005: 'DXGI_STATUS_CLIPPED' : 매크로 재정의
                 c:\program files (x86)\windows kits\8.1\include\shared\winerror.h(50011) : 'DXGI_STATUS_CLIPPED'의 이전 정의를 참조하십시오.
     1>c:\program files (x86)\microsoft directx sdk (june 2010)\include\dxgitype.h(14): warning C4005: 'DXGI_STATUS_NO_REDIRECTION' : 매크로 재정의
                 c:\program files (x86)\windows kits\8.1\include\shared\winerror.h(50020) : 'DXGI_STATUS_NO_REDIRECTION'의 이전 정의를 참조하십시오.
     1>c:\program files (x86)\microsoft directx sdk (june 2010)\include\dxgitype.h(15): warning C4005: 'DXGI_STATUS_NO_DESKTOP_ACCESS' : 매크로 재정의
                 c:\program files (x86)\windows kits\8.1\include\shared\winerror.h(50029) : 'DXGI_STATUS_NO_DESKTOP_ACCESS'의 이전 정의를 참조하십시오.
     1>c:\program files (x86)\microsoft directx sdk (june 2010)\include\dxgitype.h(16): warning C4005: 'DXGI_STATUS_GRAPHICS_VIDPN_SOURCE_IN_USE' : 매크로 재정의
                 c:\program files (x86)\windows kits\8.1\include\shared\winerror.h(50038) : 'DXGI_STATUS_GRAPHICS_VIDPN_SOURCE_IN_USE'의 이전 정의를 참조하십시오.
     1>c:\program files (x86)\microsoft directx sdk (june 2010)\include\dxgitype.h(17): warning C4005: 'DXGI_STATUS_MODE_CHANGED' : 매크로 재정의
                 c:\program files (x86)\windows kits\8.1\include\shared\winerror.h(50047) : 'DXGI_STATUS_MODE_CHANGED'의 이전 정의를 참조하십시오.
     1>c:\program files (x86)\microsoft directx sdk (june 2010)\include\dxgitype.h(18): warning C4005: 'DXGI_STATUS_MODE_CHANGE_IN_PROGRESS' : 매크로 재정의
                 c:\program files (x86)\windows kits\8.1\include\shared\winerror.h(50056) : 'DXGI_STATUS_MODE_CHANGE_IN_PROGRESS'의 이전 정의를 참조하십시오.
     1>c:\program files (x86)\microsoft directx sdk (june 2010)\include\dxgitype.h(21): warning C4005: 'DXGI_ERROR_INVALID_CALL' : 매크로 재정의
                 c:\program files (x86)\windows kits\8.1\include\shared\winerror.h(50071) : 'DXGI_ERROR_INVALID_CALL'의 이전 정의를 참조하십시오.
     1>c:\program files (x86)\microsoft directx sdk (june 2010)\include\dxgitype.h(22): warning C4005: 'DXGI_ERROR_NOT_FOUND' : 매크로 재정의
                 c:\program files (x86)\windows kits\8.1\include\shared\winerror.h(50080) : 'DXGI_ERROR_NOT_FOUND'의 이전 정의를 참조하십시오.
     1>c:\program files (x86)\microsoft directx sdk (june 2010)\include\dxgitype.h(23): warning C4005: 'DXGI_ERROR_MORE_DATA' : 매크로 재정의
                 c:\program files (x86)\windows kits\8.1\include\shared\winerror.h(50089) : 'DXGI_ERROR_MORE_DATA'의 이전 정의를 참조하십시오.
     1>c:\program files (x86)\microsoft directx sdk (june 2010)\include\dxgitype.h(24): warning C4005: 'DXGI_ERROR_UNSUPPORTED' : 매크로 재정의
                 c:\program files (x86)\windows kits\8.1\include\shared\winerror.h(50098) : 'DXGI_ERROR_UNSUPPORTED'의 이전 정의를 참조하십시오.
     1>c:\program files (x86)\microsoft directx sdk (june 2010)\include\dxgitype.h(25): warning C4005: 'DXGI_ERROR_DEVICE_REMOVED' : 매크로 재정의
                 c:\program files (x86)\windows kits\8.1\include\shared\winerror.h(50107) : 'DXGI_ERROR_DEVICE_REMOVED'의 이전 정의를 참조하십시오.
     1>c:\program files (x86)\microsoft directx sdk (june 2010)\include\dxgitype.h(26): warning C4005: 'DXGI_ERROR_DEVICE_HUNG' : 매크로 재정의
                 c:\program files (x86)\windows kits\8.1\include\shared\winerror.h(50116) : 'DXGI_ERROR_DEVICE_HUNG'의 이전 정의를 참조하십시오.
     1>c:\program files (x86)\microsoft directx sdk (june 2010)\include\dxgitype.h(27): warning C4005: 'DXGI_ERROR_DEVICE_RESET' : 매크로 재정의
                 c:\program files (x86)\windows kits\8.1\include\shared\winerror.h(50126) : 'DXGI_ERROR_DEVICE_RESET'의 이전 정의를 참조하십시오.
     1>c:\program files (x86)\microsoft directx sdk (june 2010)\include\dxgitype.h(28): warning C4005: 'DXGI_ERROR_WAS_STILL_DRAWING' : 매크로 재정의
                 c:\program files (x86)\windows kits\8.1\include\shared\winerror.h(50135) : 'DXGI_ERROR_WAS_STILL_DRAWING'의 이전 정의를 참조하십시오.
     1>c:\program files (x86)\microsoft directx sdk (june 2010)\include\dxgitype.h(29): warning C4005: 'DXGI_ERROR_FRAME_STATISTICS_DISJOINT' : 매크로 재정의
                 c:\program files (x86)\windows kits\8.1\include\shared\winerror.h(50145) : 'DXGI_ERROR_FRAME_STATISTICS_DISJOINT'의 이전 정의를 참조하십시오.
     1>c:\program files (x86)\microsoft directx sdk (june 2010)\include\dxgitype.h(30): warning C4005: 'DXGI_ERROR_GRAPHICS_VIDPN_SOURCE_IN_USE' : 매크로 재정의
                 c:\program files (x86)\windows kits\8.1\include\shared\winerror.h(50154) : 'DXGI_ERROR_GRAPHICS_VIDPN_SOURCE_IN_USE'의 이전 정의를 참조하십시오.
     1>c:\program files (x86)\microsoft directx sdk (june 2010)\include\dxgitype.h(31): warning C4005: 'DXGI_ERROR_DRIVER_INTERNAL_ERROR' : 매크로 재정의
                 c:\program files (x86)\windows kits\8.1\include\shared\winerror.h(50164) : 'DXGI_ERROR_DRIVER_INTERNAL_ERROR'의 이전 정의를 참조하십시오.
     1>c:\program files (x86)\microsoft directx sdk (june 2010)\include\dxgitype.h(32): warning C4005: 'DXGI_ERROR_NONEXCLUSIVE' : 매크로 재정의
                 c:\program files (x86)\windows kits\8.1\include\shared\winerror.h(50173) : 'DXGI_ERROR_NONEXCLUSIVE'의 이전 정의를 참조하십시오.
     1>c:\program files (x86)\microsoft directx sdk (june 2010)\include\dxgitype.h(33): warning C4005: 'DXGI_ERROR_NOT_CURRENTLY_AVAILABLE' : 매크로 재정의
                 c:\program files (x86)\windows kits\8.1\include\shared\winerror.h(50182) : 'DXGI_ERROR_NOT_CURRENTLY_AVAILABLE'의 이전 정의를 참조하십시오.
     1>c:\program files (x86)\microsoft directx sdk (june 2010)\include\dxgitype.h(34): warning C4005: 'DXGI_ERROR_REMOTE_CLIENT_DISCONNECTED' : 매크로 재정의
                 c:\program files (x86)\windows kits\8.1\include\shared\winerror.h(50192) : 'DXGI_ERROR_REMOTE_CLIENT_DISCONNECTED'의 이전 정의를 참조하십시오.
     1>c:\program files (x86)\microsoft directx sdk (june 2010)\include\dxgitype.h(35): warning C4005: 'DXGI_ERROR_REMOTE_OUTOFMEMORY' : 매크로 재정의
                 c:\program files (x86)\windows kits\8.1\include\shared\winerror.h(50201) : 'DXGI_ERROR_REMOTE_OUTOFMEMORY'의 이전 정의를 참조하십시오.
     1>c:\program files (x86)\microsoft directx sdk (june 2010)\include\d3d10.h(608): warning C4005: 'D3D10_ERROR_TOO_MANY_UNIQUE_STATE_OBJECTS' : 매크로 재정의
                 c:\program files (x86)\windows kits\8.1\include\shared\winerror.h(50355) : 'D3D10_ERROR_TOO_MANY_UNIQUE_STATE_OBJECTS'의 이전 정의를 참조하십시오.
     1>c:\program files (x86)\microsoft directx sdk (june 2010)\include\d3d10.h(609): warning C4005: 'D3D10_ERROR_FILE_NOT_FOUND' : 매크로 재정의
                 c:\program files (x86)\windows kits\8.1\include\shared\winerror.h(50364) : 'D3D10_ERROR_FILE_NOT_FOUND'의 이전 정의를 참조하십시오.
     1>c:\program files (x86)\microsoft directx sdk (june 2010)\include\dwrite.h(4962): warning C4005: 'DWRITE_E_FILEFORMAT' : 매크로 재정의
                 c:\program files (x86)\windows kits\8.1\include\shared\winerror.h(50831) : 'DWRITE_E_FILEFORMAT'의 이전 정의를 참조하십시오.
     1>c:\program files (x86)\microsoft directx sdk (june 2010)\include\dwrite.h(4967): warning C4005: 'DWRITE_E_UNEXPECTED' : 매크로 재정의
                 c:\program files (x86)\windows kits\8.1\include\shared\winerror.h(50840) : 'DWRITE_E_UNEXPECTED'의 이전 정의를 참조하십시오.
     1>c:\program files (x86)\microsoft directx sdk (june 2010)\include\dwrite.h(4972): warning C4005: 'DWRITE_E_NOFONT' : 매크로 재정의
                 c:\program files (x86)\windows kits\8.1\include\shared\winerror.h(50849) : 'DWRITE_E_NOFONT'의 이전 정의를 참조하십시오.
     1>c:\program files (x86)\microsoft directx sdk (june 2010)\include\dwrite.h(4978): warning C4005: 'DWRITE_E_FILENOTFOUND' : 매크로 재정의
                 c:\program files (x86)\windows kits\8.1\include\shared\winerror.h(50858) : 'DWRITE_E_FILENOTFOUND'의 이전 정의를 참조하십시오.
     1>c:\program files (x86)\microsoft directx sdk (june 2010)\include\dwrite.h(4983): warning C4005: 'DWRITE_E_FILEACCESS' : 매크로 재정의
                 c:\program files (x86)\windows kits\8.1\include\shared\winerror.h(50867) : 'DWRITE_E_FILEACCESS'의 이전 정의를 참조하십시오.
     1>c:\program files (x86)\microsoft directx sdk (june 2010)\include\dwrite.h(4988): warning C4005: 'DWRITE_E_FONTCOLLECTIONOBSOLETE' : 매크로 재정의
                 c:\program files (x86)\windows kits\8.1\include\shared\winerror.h(50876) : 'DWRITE_E_FONTCOLLECTIONOBSOLETE'의 이전 정의를 참조하십시오.
     1>c:\program files (x86)\microsoft directx sdk (june 2010)\include\dwrite.h(4993): warning C4005: 'DWRITE_E_ALREADYREGISTERED' : 매크로 재정의
                 c:\program files (x86)\windows kits\8.1\include\shared\winerror.h(50885) : 'DWRITE_E_ALREADYREGISTERED'의 이전 정의를 참조하십시오.
     1>c:\users\administrator\desktop\겜프1014\kinect_character_-_complete_\ex3_skeleton.cpp(178): warning C4101: 'temp' :참조되지 않은 지역 변수입니다.
         AllocMeshHierarchy.cpp
     1>c:\users\administrator\desktop\겜프1014\kinect_character_-_complete_\allocmeshhierarchy.cpp(17): warning C4996: 'strcpy': This function or variable may be unsafe. Consider using strcpy_s instead. To disable deprecation, use _CRT_SECURE_NO_WARNINGS. See online help for details.
                 c:\program files (x86)\microsoft visual studio 12.0\vc\include\string.h(112) : 'strcpy' 선언을 참조하십시오.
         코드를 생성하고 있습니다...
       ResourceCompile:
         C:\Program Files (x86)\Windows Kits\8.1\bin\x86\rc.exe /l"0x0409" /nologo /fo"Debug\SkeletalViewer.res" SkeletalViewer.rc 
       Link:
         C:\Program Files (x86)\Microsoft Visual Studio 12.0\VC\bin\link.exe /ERRORREPORT:PROMPT /OUT:"C:\Users\Administrator\Desktop\겜프1014\Kinect_Character_-_Complete_\Debug\SkeletalViewer.exe" /INCREMENTAL /NOLOGO kernel32.lib user32.lib gdi32.lib gdiplus.lib winspool.lib d3d9.lib d3dx9.lib d3dx9d.lib dxerr.lib winmm.lib comdlg32.lib advapi32.lib shell32.lib ole32.lib oleaut32.lib uuid.lib odbc32.lib odbccp32.lib Kinect10.lib d3d9.lib d3dx9.lib dxerr.lib winmm.lib Kinect10.lib DInput8.lib kernel32.lib user32.lib gdi32.lib winspool.lib comdlg32.lib advapi32.lib shell32.lib ole32.lib oleaut32.lib uuid.lib odbc32.lib odbccp32.lib /MANIFEST /MANIFESTUAC:"level='asInvoker' uiAccess='false'" /manifest:embed /DEBUG /PDB:"C:\Users\Administrator\Desktop\겜프1014\Kinect_Character_-_Complete_\Debug\SkeletalViewer.pdb" /SUBSYSTEM:WINDOWS /STACK:"10000000","10000000" /TLBID:1 /DYNAMICBASE /NXCOMPAT /IMPLIB:"C:\Users\Administrator\Desktop\겜프1014\Kinect_Character_-_Complete_\Debug\SkeletalViewer.lib" /MACHINE:X86 Debug\SkeletalViewer.res
         Debug\AllocMeshHierarchy.obj
         Debug\ex3_Skeleton.obj
         Debug\Graphics.obj
         Debug\ImageRenderer.obj
         Debug\SkinnedMesh.obj
         Debug\stdafx.obj
         Debug\Utility.obj
         SkeletalViewer.vcxproj -> C:\Users\Administrator\Desktop\겜프1014\Kinect_Character_-_Complete_\Debug\SkeletalViewer.exe
     1>"C:\Users\Administrator\Desktop\겜프1014\Kinect_Character_-_Complete_\SkeletalViewer.vcxproj" 프로젝트를 빌드했습니다(Build 대상).

빌드했습니다.

경과 시간: 00:00:09.03
