빌드 시작: 2014-12-16 오전 8:09:26
     1>2 노드의 "C:\Users\Administrator\Desktop\Kinect_2_2\겜프1014\Kinect_World_1.6\Kinect_World_1.0.0\Kinect_World_1.0.0.vcxproj" 프로젝트(Build 대상)입니다.
     1>ClCompile:
         C:\Program Files (x86)\Microsoft Visual Studio 12.0\VC\bin\CL.exe /c /ZI /nologo /W3 /WX- /sdl /Od /Oy- /D _CRT_SECURE_NO_WARNINGS /D _MBCS /Gm /EHsc /RTC1 /MTd /GS /fp:precise /Zc:wchar_t /Zc:forScope /Fo"Debug\\" /Fd"Debug\vc120.pdb" /Gd /TP /wd4819 /analyze- /errorReport:prompt Collusion.cpp DirectInit.cpp KienctTexture.cpp main.cpp KinectInitial.cpp CvKinect.h Math.cpp Mouse.cpp Render.cpp SkeletonData.cpp Soccer_Modeling.cpp Sprite.cpp Step1_SkinnedMesh.cpp Utility.cpp XFile.cpp
         XFile.cpp
     1>c:\users\administrator\desktop\kinect_2_2\겜프1014\kinect_world_1.6\kinect_world_1.0.0\xfile.cpp(90): warning C4056: 부동 소수점 상수 산술 연산에서 오버플로가 발생했습니다.
         Utility.cpp
         Step1_SkinnedMesh.cpp
         Sprite.cpp
         Soccer_Modeling.cpp
     1>c:\users\administrator\desktop\kinect_2_2\겜프1014\kinect_world_1.6\kinect_world_1.0.0\soccer_modeling.cpp(62): warning C4316: 'CSkinnedMesh': 힙에 할당된 개체가 16에 맞추어져 있지 않을 수도 있습니다
         SkeletonData.cpp
         Render.cpp
         Mouse.cpp
         Math.cpp
         CvKinect.h
         KinectInitial.cpp
     1>c:\users\administrator\desktop\kinect_2_2\겜프1014\kinect_world_1.6\kinect_world_1.0.0\kinectinitial.cpp(341): warning C4018: '<' : signed 또는 unsigned가 일치하지 않습니다.
     1>c:\users\administrator\desktop\kinect_2_2\겜프1014\kinect_world_1.6\kinect_world_1.0.0\kinectinitial.cpp(365): warning C4018: '<' : signed 또는 unsigned가 일치하지 않습니다.
     1>c:\users\administrator\desktop\kinect_2_2\겜프1014\kinect_world_1.6\kinect_world_1.0.0\kinectinitial.cpp(427): warning C4018: '<' : signed 또는 unsigned가 일치하지 않습니다.
     1>c:\users\administrator\desktop\kinect_2_2\겜프1014\kinect_world_1.6\kinect_world_1.0.0\kinectinitial.cpp(491): warning C4305: '인수' : 'double'에서 'FLOAT'(으)로 잘립니다.
     1>c:\users\administrator\desktop\kinect_2_2\겜프1014\kinect_world_1.6\kinect_world_1.0.0\kinectinitial.cpp(500): warning C4018: '<' : signed 또는 unsigned가 일치하지 않습니다.
     1>c:\users\administrator\desktop\kinect_2_2\겜프1014\kinect_world_1.6\kinect_world_1.0.0\kinectinitial.cpp(564): warning C4018: '<' : signed 또는 unsigned가 일치하지 않습니다.
     1>c:\users\administrator\desktop\kinect_2_2\겜프1014\kinect_world_1.6\kinect_world_1.0.0\kinectinitial.cpp(622): warning C4244: '=' : 'float'에서 'LONG'(으)로 변환하면서 데이터가 손실될 수 있습니다.
     1>c:\users\administrator\desktop\kinect_2_2\겜프1014\kinect_world_1.6\kinect_world_1.0.0\kinectinitial.cpp(623): warning C4244: '=' : 'float'에서 'LONG'(으)로 변환하면서 데이터가 손실될 수 있습니다.
     1>c:\users\administrator\desktop\kinect_2_2\겜프1014\kinect_world_1.6\kinect_world_1.0.0\kinectinitial.cpp(627): warning C4244: '=' : 'float'에서 'LONG'(으)로 변환하면서 데이터가 손실될 수 있습니다.
     1>c:\users\administrator\desktop\kinect_2_2\겜프1014\kinect_world_1.6\kinect_world_1.0.0\kinectinitial.cpp(628): warning C4244: '=' : 'float'에서 'LONG'(으)로 변환하면서 데이터가 손실될 수 있습니다.
     1>c:\users\administrator\desktop\kinect_2_2\겜프1014\kinect_world_1.6\kinect_world_1.0.0\kinectinitial.cpp(632): warning C4244: '=' : 'float'에서 'LONG'(으)로 변환하면서 데이터가 손실될 수 있습니다.
     1>c:\users\administrator\desktop\kinect_2_2\겜프1014\kinect_world_1.6\kinect_world_1.0.0\kinectinitial.cpp(633): warning C4244: '=' : 'float'에서 'LONG'(으)로 변환하면서 데이터가 손실될 수 있습니다.
     1>c:\users\administrator\desktop\kinect_2_2\겜프1014\kinect_world_1.6\kinect_world_1.0.0\kinectinitial.cpp(637): warning C4244: '=' : 'float'에서 'LONG'(으)로 변환하면서 데이터가 손실될 수 있습니다.
     1>c:\users\administrator\desktop\kinect_2_2\겜프1014\kinect_world_1.6\kinect_world_1.0.0\kinectinitial.cpp(638): warning C4244: '=' : 'float'에서 'LONG'(으)로 변환하면서 데이터가 손실될 수 있습니다.
         main.cpp
         KienctTexture.cpp
         DirectInit.cpp
     1>c:\users\administrator\desktop\kinect_2_2\겜프1014\kinect_world_1.6\kinect_world_1.0.0\directinit.cpp(173): warning C4244: '=' : 'unsigned long'에서 'WORD'(으)로 변환하면서 데이터가 손실될 수 있습니다.
     1>c:\users\administrator\desktop\kinect_2_2\겜프1014\kinect_world_1.6\kinect_world_1.0.0\directinit.cpp(175): warning C4244: '=' : 'unsigned long'에서 'WORD'(으)로 변환하면서 데이터가 손실될 수 있습니다.
     1>c:\users\administrator\desktop\kinect_2_2\겜프1014\kinect_world_1.6\kinect_world_1.0.0\directinit.cpp(177): warning C4244: '=' : 'unsigned long'에서 'WORD'(으)로 변환하면서 데이터가 손실될 수 있습니다.
     1>c:\users\administrator\desktop\kinect_2_2\겜프1014\kinect_world_1.6\kinect_world_1.0.0\directinit.cpp(181): warning C4244: '=' : 'unsigned long'에서 'WORD'(으)로 변환하면서 데이터가 손실될 수 있습니다.
     1>c:\users\administrator\desktop\kinect_2_2\겜프1014\kinect_world_1.6\kinect_world_1.0.0\directinit.cpp(183): warning C4244: '=' : 'unsigned long'에서 'WORD'(으)로 변환하면서 데이터가 손실될 수 있습니다.
     1>c:\users\administrator\desktop\kinect_2_2\겜프1014\kinect_world_1.6\kinect_world_1.0.0\directinit.cpp(185): warning C4244: '=' : 'unsigned long'에서 'WORD'(으)로 변환하면서 데이터가 손실될 수 있습니다.
     1>c:\users\administrator\desktop\kinect_2_2\겜프1014\kinect_world_1.6\kinect_world_1.0.0\directinit.cpp(456): warning C4305: '초기화 중' : 'unsigned int'에서 'FLOAT'(으)로 잘립니다.
         Collusion.cpp
         코드를 생성하고 있습니다...
     1>c:\users\administrator\desktop\kinect_2_2\겜프1014\kinect_world_1.6\kinect_world_1.0.0\xfile.cpp(90): warning C4756: 상수 산술 연산에서 오버플로가 발생했습니다.
     1>c:\users\administrator\desktop\kinect_2_2\겜프1014\kinect_world_1.6\kinect_world_1.0.0\xfile.cpp(90): warning C4756: 상수 산술 연산에서 오버플로가 발생했습니다.
     1>c:\users\administrator\desktop\kinect_2_2\겜프1014\kinect_world_1.6\kinect_world_1.0.0\xfile.cpp(90): warning C4756: 상수 산술 연산에서 오버플로가 발생했습니다.
     1>c:\users\administrator\desktop\kinect_2_2\겜프1014\kinect_world_1.6\kinect_world_1.0.0\xfile.cpp(90): warning C4756: 상수 산술 연산에서 오버플로가 발생했습니다.
     1>c:\users\administrator\desktop\kinect_2_2\겜프1014\kinect_world_1.6\kinect_world_1.0.0\xfile.cpp(90): warning C4756: 상수 산술 연산에서 오버플로가 발생했습니다.
     1>c:\users\administrator\desktop\kinect_2_2\겜프1014\kinect_world_1.6\kinect_world_1.0.0\xfile.cpp(90): warning C4756: 상수 산술 연산에서 오버플로가 발생했습니다.
     1>c:\users\administrator\desktop\kinect_2_2\겜프1014\kinect_world_1.6\kinect_world_1.0.0\xfile.cpp(90): warning C4756: 상수 산술 연산에서 오버플로가 발생했습니다.
     1>c:\users\administrator\desktop\kinect_2_2\겜프1014\kinect_world_1.6\kinect_world_1.0.0\xfile.cpp(90): warning C4756: 상수 산술 연산에서 오버플로가 발생했습니다.
       Link:
         C:\Program Files (x86)\Microsoft Visual Studio 12.0\VC\bin\link.exe /ERRORREPORT:PROMPT /OUT:"C:\Users\Administrator\Desktop\Kinect_2_2\겜프1014\Kinect_World_1.6\Debug\Kinect_World_2.0.exe" /INCREMENTAL /NOLOGO /LIBPATH:"d3d9.lib d3dx9.lib winmm.lib" d3d9.lib d3dx9.lib winmm.lib Kinect10.lib d3d9.lib d3dx9.lib winmm.lib Kinect10.lib kernel32.lib user32.lib gdi32.lib winspool.lib comdlg32.lib advapi32.lib shell32.lib ole32.lib oleaut32.lib uuid.lib odbc32.lib odbccp32.lib /MANIFEST /MANIFESTUAC:"level='asInvoker' uiAccess='false'" /manifest:embed /DEBUG /PDB:"C:\Users\Administrator\Desktop\Kinect_2_2\겜프1014\Kinect_World_1.6\Debug\Kinect_World_2.0.pdb" /TLBID:1 /DYNAMICBASE /NXCOMPAT /IMPLIB:"C:\Users\Administrator\Desktop\Kinect_2_2\겜프1014\Kinect_World_1.6\Debug\Kinect_World_2.0.lib" /MACHINE:X86 Debug\Collusion.obj
         Debug\DirectInit.obj
         Debug\KienctTexture.obj
         Debug\main.obj
         Debug\KinectInitial.obj
         Debug\CvKinect.obj
         Debug\Math.obj
         Debug\Mouse.obj
         Debug\Render.obj
         Debug\SkeletonData.obj
         Debug\Soccer_Modeling.obj
         Debug\Sprite.obj
         Debug\Step1_SkinnedMesh.obj
         Debug\Utility.obj
         Debug\XFile.obj
         Kinect_World_1.0.0.vcxproj -> C:\Users\Administrator\Desktop\Kinect_2_2\겜프1014\Kinect_World_1.6\Debug\Kinect_World_2.0.exe
     1>"C:\Users\Administrator\Desktop\Kinect_2_2\겜프1014\Kinect_World_1.6\Kinect_World_1.0.0\Kinect_World_1.0.0.vcxproj" 프로젝트를 빌드했습니다(Build 대상).

빌드했습니다.

경과 시간: 00:00:19.01
