c:\users\administrator\desktop\kinect_2_2\겜프1014\kinect_world_1.6\kinect_world_1.0.0\debug\vc120.pdb
c:\users\administrator\desktop\kinect_2_2\겜프1014\kinect_world_1.6\kinect_world_1.0.0\debug\vc120.idb
c:\users\administrator\desktop\kinect_2_2\겜프1014\kinect_world_1.6\kinect_world_1.0.0\debug\collusion.obj
c:\users\administrator\desktop\kinect_2_2\겜프1014\kinect_world_1.6\kinect_world_1.0.0\debug\directinit.obj
c:\users\administrator\desktop\kinect_2_2\겜프1014\kinect_world_1.6\kinect_world_1.0.0\debug\kiencttexture.obj
c:\users\administrator\desktop\kinect_2_2\겜프1014\kinect_world_1.6\kinect_world_1.0.0\debug\main.obj
c:\users\administrator\desktop\kinect_2_2\겜프1014\kinect_world_1.6\kinect_world_1.0.0\debug\kinectinitial.obj
c:\users\administrator\desktop\kinect_2_2\겜프1014\kinect_world_1.6\kinect_world_1.0.0\debug\cvkinect.obj
c:\users\administrator\desktop\kinect_2_2\겜프1014\kinect_world_1.6\kinect_world_1.0.0\debug\math.obj
c:\users\administrator\desktop\kinect_2_2\겜프1014\kinect_world_1.6\kinect_world_1.0.0\debug\mouse.obj
c:\users\administrator\desktop\kinect_2_2\겜프1014\kinect_world_1.6\kinect_world_1.0.0\debug\render.obj
c:\users\administrator\desktop\kinect_2_2\겜프1014\kinect_world_1.6\kinect_world_1.0.0\debug\skeletondata.obj
c:\users\administrator\desktop\kinect_2_2\겜프1014\kinect_world_1.6\kinect_world_1.0.0\debug\soccer_modeling.obj
c:\users\administrator\desktop\kinect_2_2\겜프1014\kinect_world_1.6\kinect_world_1.0.0\debug\sprite.obj
c:\users\administrator\desktop\kinect_2_2\겜프1014\kinect_world_1.6\kinect_world_1.0.0\debug\step1_skinnedmesh.obj
c:\users\administrator\desktop\kinect_2_2\겜프1014\kinect_world_1.6\kinect_world_1.0.0\debug\utility.obj
c:\users\administrator\desktop\kinect_2_2\겜프1014\kinect_world_1.6\kinect_world_1.0.0\debug\xfile.obj
c:\users\administrator\desktop\kinect_2_2\겜프1014\kinect_world_1.6\debug\kinect_world_2.0.ilk
c:\users\administrator\desktop\kinect_2_2\겜프1014\kinect_world_1.6\debug\kinect_world_2.0.exe
c:\users\administrator\desktop\kinect_2_2\겜프1014\kinect_world_1.6\debug\kinect_world_2.0.pdb
c:\users\administrator\desktop\kinect_2_2\겜프1014\kinect_world_1.6\kinect_world_1.0.0\debug\kinect_world_2.0.tlog\cl.command.1.tlog
c:\users\administrator\desktop\kinect_2_2\겜프1014\kinect_world_1.6\kinect_world_1.0.0\debug\kinect_world_2.0.tlog\cl.read.1.tlog
c:\users\administrator\desktop\kinect_2_2\겜프1014\kinect_world_1.6\kinect_world_1.0.0\debug\kinect_world_2.0.tlog\cl.write.1.tlog
c:\users\administrator\desktop\kinect_2_2\겜프1014\kinect_world_1.6\kinect_world_1.0.0\debug\kinect_world_2.0.tlog\link.command.1.tlog
c:\users\administrator\desktop\kinect_2_2\겜프1014\kinect_world_1.6\kinect_world_1.0.0\debug\kinect_world_2.0.tlog\link.read.1.tlog
c:\users\administrator\desktop\kinect_2_2\겜프1014\kinect_world_1.6\kinect_world_1.0.0\debug\kinect_world_2.0.tlog\link.write.1.tlog
